2022-12-14 17:18:27,354 - WARNING - Starting processing
2022-12-14 17:18:27,367 - INFO - Query: SELECT id, dataset_id, url_api, progress, score FROM "Jobs" 
2022-12-14 17:18:27,368 - INFO - get data from database success
2022-12-14 17:18:27,370 - ERROR - url api fail in job_id: 25
2022-12-14 17:18:27,383 - INFO - get data from database success
2022-12-14 17:18:27,436 - INFO - Query: UPDATE "Jobs" SET score = %s WHERE id=21
2022-12-14 17:18:27,440 - INFO - update success
2022-12-14 17:18:27,454 - INFO - get data from database success
2022-12-14 17:18:27,475 - INFO - Query: UPDATE "Jobs" SET score = %s WHERE id=22
2022-12-14 17:18:27,478 - INFO - update success
2022-12-14 17:18:27,491 - INFO - get data from database success
2022-12-14 17:18:27,513 - INFO - Query: UPDATE "Jobs" SET score = %s WHERE id=23
2022-12-14 17:18:27,515 - INFO - update success
2022-12-14 17:18:27,528 - INFO - get data from database success
2022-12-14 17:18:27,542 - INFO - Query: UPDATE "Jobs" SET score = %s WHERE id=17
2022-12-14 17:18:27,544 - INFO - update success
2022-12-14 17:18:27,556 - INFO - get data from database success
2022-12-14 17:18:27,574 - INFO - Query: UPDATE "Jobs" SET score = %s WHERE id=18
2022-12-14 17:18:27,577 - INFO - update success
2022-12-14 17:18:27,587 - INFO - get data from database success
2022-12-14 17:18:27,602 - INFO - Query: UPDATE "Jobs" SET score = %s WHERE id=20
2022-12-14 17:18:27,604 - INFO - update success
2022-12-14 17:18:27,612 - INFO - get data from database success
2022-12-14 17:18:27,623 - INFO - Query: UPDATE "Jobs" SET score = %s WHERE id=19
2022-12-14 17:18:27,624 - INFO - update success
2022-12-14 17:18:27,632 - INFO - get data from database success
2022-12-14 17:18:27,642 - INFO - Query: UPDATE "Jobs" SET score = %s WHERE id=24
2022-12-14 17:18:27,643 - INFO - update success
2022-12-14 17:18:30,645 - WARNING - Starting processing
2022-12-14 17:18:30,651 - INFO - Query: SELECT id, dataset_id, url_api, progress, score FROM "Jobs" 
2022-12-14 17:18:30,652 - INFO - get data from database success
2022-12-14 17:18:30,653 - ERROR - url api fail in job_id: 25
2022-12-14 17:18:33,656 - WARNING - Starting processing
2022-12-14 17:18:33,662 - INFO - Query: SELECT id, dataset_id, url_api, progress, score FROM "Jobs" 
2022-12-14 17:18:33,663 - INFO - get data from database success
2022-12-14 17:18:33,663 - ERROR - url api fail in job_id: 25
2022-12-14 17:18:36,665 - WARNING - Starting processing
2022-12-14 17:18:36,670 - INFO - Query: SELECT id, dataset_id, url_api, progress, score FROM "Jobs" 
2022-12-14 17:18:36,671 - INFO - get data from database success
2022-12-14 17:18:36,671 - ERROR - url api fail in job_id: 25
2022-12-14 17:18:39,673 - WARNING - Starting processing
2022-12-14 17:18:39,679 - INFO - Query: SELECT id, dataset_id, url_api, progress, score FROM "Jobs" 
2022-12-14 17:18:39,679 - INFO - get data from database success
2022-12-14 17:18:39,680 - ERROR - url api fail in job_id: 25
2022-12-14 17:18:42,681 - WARNING - Starting processing
2022-12-14 17:18:42,687 - INFO - Query: SELECT id, dataset_id, url_api, progress, score FROM "Jobs" 
2022-12-14 17:18:42,688 - INFO - get data from database success
2022-12-14 17:18:42,688 - ERROR - url api fail in job_id: 25
2022-12-14 17:18:45,689 - WARNING - Starting processing
2022-12-14 17:18:45,694 - INFO - Query: SELECT id, dataset_id, url_api, progress, score FROM "Jobs" 
2022-12-14 17:18:45,695 - INFO - get data from database success
2022-12-14 17:18:45,695 - ERROR - url api fail in job_id: 25
2022-12-14 17:18:48,698 - WARNING - Starting processing
2022-12-14 17:18:48,703 - INFO - Query: SELECT id, dataset_id, url_api, progress, score FROM "Jobs" 
2022-12-14 17:18:48,704 - INFO - get data from database success
2022-12-14 17:18:48,704 - ERROR - url api fail in job_id: 25
2022-12-14 17:18:51,708 - WARNING - Starting processing
2022-12-14 17:18:51,726 - INFO - Query: SELECT id, dataset_id, url_api, progress, score FROM "Jobs" 
2022-12-14 17:18:51,729 - INFO - get data from database success
2022-12-14 17:18:51,729 - ERROR - url api fail in job_id: 25
2022-12-14 17:18:54,733 - WARNING - Starting processing
2022-12-14 17:18:54,741 - INFO - Query: SELECT id, dataset_id, url_api, progress, score FROM "Jobs" 
2022-12-14 17:18:54,742 - INFO - get data from database success
2022-12-14 17:18:54,742 - ERROR - url api fail in job_id: 25
2022-12-14 17:18:57,745 - WARNING - Starting processing
2022-12-14 17:18:57,750 - INFO - Query: SELECT id, dataset_id, url_api, progress, score FROM "Jobs" 
2022-12-14 17:18:57,751 - INFO - get data from database success
2022-12-14 17:18:57,751 - ERROR - url api fail in job_id: 25
2022-12-14 17:19:00,753 - WARNING - Starting processing
2022-12-14 17:19:00,759 - INFO - Query: SELECT id, dataset_id, url_api, progress, score FROM "Jobs" 
2022-12-14 17:19:00,760 - INFO - get data from database success
2022-12-14 17:19:00,760 - ERROR - url api fail in job_id: 25
2022-12-14 17:19:03,761 - WARNING - Starting processing
2022-12-14 17:19:03,766 - INFO - Query: SELECT id, dataset_id, url_api, progress, score FROM "Jobs" 
2022-12-14 17:19:03,767 - INFO - get data from database success
2022-12-14 17:19:03,767 - ERROR - url api fail in job_id: 25
2022-12-14 17:19:06,769 - WARNING - Starting processing
2022-12-14 17:19:06,775 - INFO - Query: SELECT id, dataset_id, url_api, progress, score FROM "Jobs" 
2022-12-14 17:19:06,775 - INFO - get data from database success
2022-12-14 17:19:06,776 - ERROR - url api fail in job_id: 25
2022-12-14 17:19:09,777 - WARNING - Starting processing
2022-12-14 17:19:09,783 - INFO - Query: SELECT id, dataset_id, url_api, progress, score FROM "Jobs" 
2022-12-14 17:19:09,784 - INFO - get data from database success
2022-12-14 17:19:09,784 - ERROR - url api fail in job_id: 25
2022-12-14 17:19:12,785 - WARNING - Starting processing
2022-12-14 17:19:12,791 - INFO - Query: SELECT id, dataset_id, url_api, progress, score FROM "Jobs" 
2022-12-14 17:19:12,792 - INFO - get data from database success
2022-12-14 17:19:12,792 - ERROR - url api fail in job_id: 25
2022-12-14 17:19:15,793 - WARNING - Starting processing
2022-12-14 17:19:15,803 - INFO - Query: SELECT id, dataset_id, url_api, progress, score FROM "Jobs" 
2022-12-14 17:19:15,804 - INFO - get data from database success
2022-12-14 17:19:15,807 - ERROR - url api fail in job_id: 25
2022-12-14 17:19:18,809 - WARNING - Starting processing
2022-12-14 17:19:18,814 - INFO - Query: SELECT id, dataset_id, url_api, progress, score FROM "Jobs" 
2022-12-14 17:19:18,815 - INFO - get data from database success
2022-12-14 17:19:18,815 - ERROR - url api fail in job_id: 25
2022-12-14 17:19:21,817 - WARNING - Starting processing
2022-12-14 17:19:21,824 - INFO - Query: SELECT id, dataset_id, url_api, progress, score FROM "Jobs" 
2022-12-14 17:19:21,824 - INFO - get data from database success
2022-12-14 17:19:21,825 - ERROR - url api fail in job_id: 25
2022-12-14 17:19:24,825 - WARNING - Starting processing
2022-12-14 17:19:24,831 - INFO - Query: SELECT id, dataset_id, url_api, progress, score FROM "Jobs" 
2022-12-14 17:19:24,832 - INFO - get data from database success
2022-12-14 17:19:24,833 - ERROR - url api fail in job_id: 25
2022-12-14 17:19:27,833 - WARNING - Starting processing
2022-12-14 17:19:27,839 - INFO - Query: SELECT id, dataset_id, url_api, progress, score FROM "Jobs" 
2022-12-14 17:19:27,840 - INFO - get data from database success
2022-12-14 17:19:27,840 - ERROR - url api fail in job_id: 25
2022-12-14 17:19:30,843 - WARNING - Starting processing
2022-12-14 17:19:30,850 - INFO - Query: SELECT id, dataset_id, url_api, progress, score FROM "Jobs" 
2022-12-14 17:19:30,851 - INFO - get data from database success
2022-12-14 17:19:30,851 - ERROR - url api fail in job_id: 25
2022-12-14 17:19:33,853 - WARNING - Starting processing
2022-12-14 17:19:33,859 - INFO - Query: SELECT id, dataset_id, url_api, progress, score FROM "Jobs" 
2022-12-14 17:19:33,859 - INFO - get data from database success
2022-12-14 17:19:33,860 - ERROR - url api fail in job_id: 25
2022-12-14 17:19:36,863 - WARNING - Starting processing
2022-12-14 17:19:36,869 - INFO - Query: SELECT id, dataset_id, url_api, progress, score FROM "Jobs" 
2022-12-14 17:19:36,869 - INFO - get data from database success
2022-12-14 17:19:36,870 - ERROR - url api fail in job_id: 25
2022-12-14 17:19:39,873 - WARNING - Starting processing
2022-12-14 17:19:39,879 - INFO - Query: SELECT id, dataset_id, url_api, progress, score FROM "Jobs" 
2022-12-14 17:19:39,880 - INFO - get data from database success
2022-12-14 17:19:39,881 - ERROR - url api fail in job_id: 25
2022-12-14 17:19:42,881 - WARNING - Starting processing
2022-12-14 17:19:42,887 - INFO - Query: SELECT id, dataset_id, url_api, progress, score FROM "Jobs" 
2022-12-14 17:19:42,887 - INFO - get data from database success
2022-12-14 17:19:42,888 - ERROR - url api fail in job_id: 25
2022-12-14 17:19:45,890 - WARNING - Starting processing
2022-12-14 17:19:45,903 - INFO - Query: SELECT id, dataset_id, url_api, progress, score FROM "Jobs" 
2022-12-14 17:19:45,905 - INFO - get data from database success
2022-12-14 17:19:45,906 - ERROR - url api fail in job_id: 25
2022-12-14 17:19:48,909 - WARNING - Starting processing
2022-12-14 17:19:48,929 - INFO - Query: SELECT id, dataset_id, url_api, progress, score FROM "Jobs" 
2022-12-14 17:19:48,932 - INFO - get data from database success
2022-12-14 17:19:48,933 - ERROR - url api fail in job_id: 25
2022-12-14 17:19:51,933 - WARNING - Starting processing
2022-12-14 17:19:51,938 - INFO - Query: SELECT id, dataset_id, url_api, progress, score FROM "Jobs" 
2022-12-14 17:19:51,939 - INFO - get data from database success
2022-12-14 17:19:51,939 - ERROR - url api fail in job_id: 25
2022-12-14 17:19:54,942 - WARNING - Starting processing
2022-12-14 17:19:54,948 - INFO - Query: SELECT id, dataset_id, url_api, progress, score FROM "Jobs" 
2022-12-14 17:19:54,948 - INFO - get data from database success
2022-12-14 17:19:54,949 - ERROR - url api fail in job_id: 25
2022-12-14 17:19:57,949 - WARNING - Starting processing
2022-12-14 17:19:57,954 - INFO - Query: SELECT id, dataset_id, url_api, progress, score FROM "Jobs" 
2022-12-14 17:19:57,955 - INFO - get data from database success
2022-12-14 17:19:57,955 - ERROR - url api fail in job_id: 25
2022-12-14 17:20:00,957 - WARNING - Starting processing
2022-12-14 17:20:00,963 - INFO - Query: SELECT id, dataset_id, url_api, progress, score FROM "Jobs" 
2022-12-14 17:20:00,964 - INFO - get data from database success
2022-12-14 17:20:00,964 - ERROR - url api fail in job_id: 25
2022-12-14 17:20:03,965 - WARNING - Starting processing
2022-12-14 17:20:03,971 - INFO - Query: SELECT id, dataset_id, url_api, progress, score FROM "Jobs" 
2022-12-14 17:20:03,972 - INFO - get data from database success
2022-12-14 17:20:03,972 - ERROR - url api fail in job_id: 25
2022-12-14 17:20:06,973 - WARNING - Starting processing
2022-12-14 17:20:06,978 - INFO - Query: SELECT id, dataset_id, url_api, progress, score FROM "Jobs" 
2022-12-14 17:20:06,979 - INFO - get data from database success
2022-12-14 17:20:06,979 - ERROR - url api fail in job_id: 25
2022-12-14 17:20:09,981 - WARNING - Starting processing
2022-12-14 17:20:09,987 - INFO - Query: SELECT id, dataset_id, url_api, progress, score FROM "Jobs" 
2022-12-14 17:20:09,989 - INFO - get data from database success
2022-12-14 17:20:09,989 - ERROR - url api fail in job_id: 25
2022-12-14 17:20:12,989 - WARNING - Starting processing
2022-12-14 17:20:12,995 - INFO - Query: SELECT id, dataset_id, url_api, progress, score FROM "Jobs" 
2022-12-14 17:20:12,996 - INFO - get data from database success
2022-12-14 17:20:12,997 - ERROR - url api fail in job_id: 25
2022-12-14 17:20:15,997 - WARNING - Starting processing
2022-12-14 17:20:16,005 - INFO - Query: SELECT id, dataset_id, url_api, progress, score FROM "Jobs" 
2022-12-14 17:20:16,006 - INFO - get data from database success
2022-12-14 17:20:16,006 - ERROR - url api fail in job_id: 25
2022-12-14 17:20:19,009 - WARNING - Starting processing
2022-12-14 17:20:19,026 - INFO - Query: SELECT id, dataset_id, url_api, progress, score FROM "Jobs" 
2022-12-14 17:20:19,028 - INFO - get data from database success
2022-12-14 17:20:19,029 - ERROR - url api fail in job_id: 25
2022-12-14 17:20:22,032 - WARNING - Starting processing
2022-12-14 17:20:22,037 - INFO - Query: SELECT id, dataset_id, url_api, progress, score FROM "Jobs" 
2022-12-14 17:20:22,038 - INFO - get data from database success
2022-12-14 17:20:22,038 - ERROR - url api fail in job_id: 25
2022-12-14 17:20:25,041 - WARNING - Starting processing
2022-12-14 17:20:25,047 - INFO - Query: SELECT id, dataset_id, url_api, progress, score FROM "Jobs" 
2022-12-14 17:20:25,048 - INFO - get data from database success
2022-12-14 17:20:25,048 - ERROR - url api fail in job_id: 25
2022-12-14 17:20:28,049 - WARNING - Starting processing
2022-12-14 17:20:28,054 - INFO - Query: SELECT id, dataset_id, url_api, progress, score FROM "Jobs" 
2022-12-14 17:20:28,055 - INFO - get data from database success
2022-12-14 17:20:28,055 - ERROR - url api fail in job_id: 25
2022-12-14 17:20:31,058 - WARNING - Starting processing
2022-12-14 17:20:31,064 - INFO - Query: SELECT id, dataset_id, url_api, progress, score FROM "Jobs" 
2022-12-14 17:20:31,065 - INFO - get data from database success
2022-12-14 17:20:31,065 - ERROR - url api fail in job_id: 25
2022-12-14 17:20:34,068 - WARNING - Starting processing
2022-12-14 17:20:34,074 - INFO - Query: SELECT id, dataset_id, url_api, progress, score FROM "Jobs" 
2022-12-14 17:20:34,075 - INFO - get data from database success
2022-12-14 17:20:34,075 - ERROR - url api fail in job_id: 25
2022-12-14 17:20:37,078 - WARNING - Starting processing
2022-12-14 17:20:37,087 - INFO - Query: SELECT id, dataset_id, url_api, progress, score FROM "Jobs" 
2022-12-14 17:20:37,089 - INFO - get data from database success
2022-12-14 17:20:37,089 - ERROR - url api fail in job_id: 25
2022-12-14 17:20:40,089 - WARNING - Starting processing
2022-12-14 17:20:40,100 - INFO - Query: SELECT id, dataset_id, url_api, progress, score FROM "Jobs" 
2022-12-14 17:20:40,102 - INFO - get data from database success
2022-12-14 17:20:40,102 - ERROR - url api fail in job_id: 25
2022-12-14 17:20:43,105 - WARNING - Starting processing
2022-12-14 17:20:43,113 - INFO - Query: SELECT id, dataset_id, url_api, progress, score FROM "Jobs" 
2022-12-14 17:20:43,114 - INFO - get data from database success
2022-12-14 17:20:43,115 - ERROR - url api fail in job_id: 25
2022-12-14 17:20:46,117 - WARNING - Starting processing
2022-12-14 17:20:46,123 - INFO - Query: SELECT id, dataset_id, url_api, progress, score FROM "Jobs" 
2022-12-14 17:20:46,124 - INFO - get data from database success
2022-12-14 17:20:46,125 - ERROR - url api fail in job_id: 25
2022-12-14 17:20:49,125 - WARNING - Starting processing
2022-12-14 17:20:49,147 - INFO - Query: SELECT id, dataset_id, url_api, progress, score FROM "Jobs" 
2022-12-14 17:20:49,149 - INFO - get data from database success
2022-12-14 17:20:49,154 - ERROR - url api fail in job_id: 25
2022-12-14 17:20:52,157 - WARNING - Starting processing
2022-12-14 17:20:52,163 - INFO - Query: SELECT id, dataset_id, url_api, progress, score FROM "Jobs" 
2022-12-14 17:20:52,164 - INFO - get data from database success
2022-12-14 17:20:52,164 - ERROR - url api fail in job_id: 25
2022-12-14 17:20:55,165 - WARNING - Starting processing
2022-12-14 17:20:55,170 - INFO - Query: SELECT id, dataset_id, url_api, progress, score FROM "Jobs" 
2022-12-14 17:20:55,171 - INFO - get data from database success
2022-12-14 17:20:55,171 - ERROR - url api fail in job_id: 25
2022-12-14 17:20:58,173 - WARNING - Starting processing
2022-12-14 17:20:58,179 - INFO - Query: SELECT id, dataset_id, url_api, progress, score FROM "Jobs" 
2022-12-14 17:20:58,180 - INFO - get data from database success
2022-12-14 17:20:58,180 - ERROR - url api fail in job_id: 25
2022-12-14 17:21:01,181 - WARNING - Starting processing
2022-12-14 17:21:01,187 - INFO - Query: SELECT id, dataset_id, url_api, progress, score FROM "Jobs" 
2022-12-14 17:21:01,188 - INFO - get data from database success
2022-12-14 17:21:01,188 - ERROR - url api fail in job_id: 25
2022-12-14 17:21:04,189 - WARNING - Starting processing
2022-12-14 17:21:04,195 - INFO - Query: SELECT id, dataset_id, url_api, progress, score FROM "Jobs" 
2022-12-14 17:21:04,196 - INFO - get data from database success
2022-12-14 17:21:04,196 - ERROR - url api fail in job_id: 25
2022-12-14 17:21:07,198 - WARNING - Starting processing
2022-12-14 17:21:07,205 - INFO - Query: SELECT id, dataset_id, url_api, progress, score FROM "Jobs" 
2022-12-14 17:21:07,207 - INFO - get data from database success
2022-12-14 17:21:07,207 - ERROR - url api fail in job_id: 25
2022-12-14 17:21:10,209 - WARNING - Starting processing
2022-12-14 17:21:10,221 - INFO - Query: SELECT id, dataset_id, url_api, progress, score FROM "Jobs" 
2022-12-14 17:21:10,225 - INFO - get data from database success
2022-12-14 17:21:10,225 - ERROR - url api fail in job_id: 25
2022-12-14 17:21:13,229 - WARNING - Starting processing
2022-12-14 17:21:13,240 - INFO - Query: SELECT id, dataset_id, url_api, progress, score FROM "Jobs" 
2022-12-14 17:21:13,242 - INFO - get data from database success
2022-12-14 17:21:13,243 - ERROR - url api fail in job_id: 25
2022-12-14 17:21:16,245 - WARNING - Starting processing
2022-12-14 17:21:16,256 - INFO - Query: SELECT id, dataset_id, url_api, progress, score FROM "Jobs" 
2022-12-14 17:21:16,257 - INFO - get data from database success
2022-12-14 17:21:16,261 - ERROR - url api fail in job_id: 25
2022-12-14 17:21:19,263 - WARNING - Starting processing
2022-12-14 17:21:19,268 - INFO - Query: SELECT id, dataset_id, url_api, progress, score FROM "Jobs" 
2022-12-14 17:21:19,269 - INFO - get data from database success
2022-12-14 17:21:19,270 - ERROR - url api fail in job_id: 25
2022-12-14 17:21:22,273 - WARNING - Starting processing
2022-12-14 17:21:22,278 - INFO - Query: SELECT id, dataset_id, url_api, progress, score FROM "Jobs" 
2022-12-14 17:21:22,279 - INFO - get data from database success
2022-12-14 17:21:22,279 - ERROR - url api fail in job_id: 25
2022-12-14 17:21:25,281 - WARNING - Starting processing
2022-12-14 17:21:25,291 - INFO - Query: SELECT id, dataset_id, url_api, progress, score FROM "Jobs" 
2022-12-14 17:21:25,292 - INFO - get data from database success
2022-12-14 17:21:25,293 - ERROR - url api fail in job_id: 25
2022-12-14 17:21:28,297 - WARNING - Starting processing
2022-12-14 17:21:28,305 - INFO - Query: SELECT id, dataset_id, url_api, progress, score FROM "Jobs" 
2022-12-14 17:21:28,306 - INFO - get data from database success
2022-12-14 17:21:28,307 - ERROR - url api fail in job_id: 25
2022-12-14 17:21:31,309 - WARNING - Starting processing
2022-12-14 17:21:31,324 - INFO - Query: SELECT id, dataset_id, url_api, progress, score FROM "Jobs" 
2022-12-14 17:21:31,330 - INFO - get data from database success
2022-12-14 17:21:31,335 - ERROR - url api fail in job_id: 25
2022-12-14 17:21:34,338 - WARNING - Starting processing
2022-12-14 17:21:34,344 - INFO - Query: SELECT id, dataset_id, url_api, progress, score FROM "Jobs" 
2022-12-14 17:21:34,345 - INFO - get data from database success
2022-12-14 17:21:34,345 - ERROR - url api fail in job_id: 25
2022-12-14 17:21:37,345 - WARNING - Starting processing
2022-12-14 17:21:37,351 - INFO - Query: SELECT id, dataset_id, url_api, progress, score FROM "Jobs" 
2022-12-14 17:21:37,352 - INFO - get data from database success
2022-12-14 17:21:37,352 - ERROR - url api fail in job_id: 25
2022-12-14 17:21:40,353 - WARNING - Starting processing
2022-12-14 17:21:40,365 - INFO - Query: SELECT id, dataset_id, url_api, progress, score FROM "Jobs" 
2022-12-14 17:21:40,367 - INFO - get data from database success
2022-12-14 17:21:40,368 - ERROR - url api fail in job_id: 25
2022-12-14 17:21:43,369 - WARNING - Starting processing
2022-12-14 17:21:43,386 - INFO - Query: SELECT id, dataset_id, url_api, progress, score FROM "Jobs" 
2022-12-14 17:21:43,389 - INFO - get data from database success
2022-12-14 17:21:43,390 - ERROR - url api fail in job_id: 25
2022-12-14 17:21:46,393 - WARNING - Starting processing
2022-12-14 17:21:46,399 - INFO - Query: SELECT id, dataset_id, url_api, progress, score FROM "Jobs" 
2022-12-14 17:21:46,400 - INFO - get data from database success
2022-12-14 17:21:46,400 - ERROR - url api fail in job_id: 25
2022-12-14 17:21:49,401 - WARNING - Starting processing
2022-12-14 17:21:49,408 - INFO - Query: SELECT id, dataset_id, url_api, progress, score FROM "Jobs" 
2022-12-14 17:21:49,409 - INFO - get data from database success
2022-12-14 17:21:49,409 - ERROR - url api fail in job_id: 25
2022-12-14 17:21:52,413 - WARNING - Starting processing
2022-12-14 17:21:52,418 - INFO - Query: SELECT id, dataset_id, url_api, progress, score FROM "Jobs" 
2022-12-14 17:21:52,419 - INFO - get data from database success
2022-12-14 17:21:52,419 - ERROR - url api fail in job_id: 25
2022-12-14 17:21:55,421 - WARNING - Starting processing
2022-12-14 17:21:55,428 - INFO - Query: SELECT id, dataset_id, url_api, progress, score FROM "Jobs" 
2022-12-14 17:21:55,429 - INFO - get data from database success
2022-12-14 17:21:55,429 - ERROR - url api fail in job_id: 25
