2022-12-14 17:00:11,779 - WARNING - Starting processing
2022-12-14 17:00:11,786 - INFO - Query: SELECT id, dataset_id, url_api, progress, score FROM "Jobs" 
2022-12-14 17:00:11,786 - INFO - get data from database success
2022-12-14 17:00:11,787 - ERROR - url api fail in job_id: 25
2022-12-14 17:00:14,789 - WARNING - Starting processing
2022-12-14 17:00:14,796 - INFO - Query: SELECT id, dataset_id, url_api, progress, score FROM "Jobs" 
2022-12-14 17:00:14,797 - INFO - get data from database success
2022-12-14 17:00:14,797 - ERROR - url api fail in job_id: 25
2022-12-14 17:00:17,801 - WARNING - Starting processing
2022-12-14 17:00:17,814 - INFO - Query: SELECT id, dataset_id, url_api, progress, score FROM "Jobs" 
2022-12-14 17:00:17,815 - INFO - get data from database success
2022-12-14 17:00:17,816 - ERROR - url api fail in job_id: 25
2022-12-14 17:00:20,817 - WARNING - Starting processing
2022-12-14 17:00:20,822 - INFO - Query: SELECT id, dataset_id, url_api, progress, score FROM "Jobs" 
2022-12-14 17:00:20,823 - INFO - get data from database success
2022-12-14 17:00:20,823 - ERROR - url api fail in job_id: 25
2022-12-14 17:00:23,825 - WARNING - Starting processing
2022-12-14 17:00:23,834 - INFO - Query: SELECT id, dataset_id, url_api, progress, score FROM "Jobs" 
2022-12-14 17:00:23,836 - INFO - get data from database success
2022-12-14 17:00:23,836 - ERROR - url api fail in job_id: 25
2022-12-14 17:00:26,837 - WARNING - Starting processing
2022-12-14 17:00:26,842 - INFO - Query: SELECT id, dataset_id, url_api, progress, score FROM "Jobs" 
2022-12-14 17:00:26,843 - INFO - get data from database success
2022-12-14 17:00:26,843 - ERROR - url api fail in job_id: 25
2022-12-14 17:00:29,845 - WARNING - Starting processing
2022-12-14 17:00:29,851 - INFO - Query: SELECT id, dataset_id, url_api, progress, score FROM "Jobs" 
2022-12-14 17:00:29,852 - INFO - get data from database success
2022-12-14 17:00:29,853 - ERROR - url api fail in job_id: 25
2022-12-14 17:00:32,853 - WARNING - Starting processing
2022-12-14 17:00:32,858 - INFO - Query: SELECT id, dataset_id, url_api, progress, score FROM "Jobs" 
2022-12-14 17:00:32,859 - INFO - get data from database success
2022-12-14 17:00:32,859 - ERROR - url api fail in job_id: 25
2022-12-14 17:00:35,861 - WARNING - Starting processing
2022-12-14 17:00:35,866 - INFO - Query: SELECT id, dataset_id, url_api, progress, score FROM "Jobs" 
2022-12-14 17:00:35,867 - INFO - get data from database success
2022-12-14 17:00:35,868 - ERROR - url api fail in job_id: 25
2022-12-14 17:00:38,871 - WARNING - Starting processing
2022-12-14 17:00:38,876 - INFO - Query: SELECT id, dataset_id, url_api, progress, score FROM "Jobs" 
2022-12-14 17:00:38,877 - INFO - get data from database success
2022-12-14 17:00:38,877 - ERROR - url api fail in job_id: 25
2022-12-14 17:00:41,880 - WARNING - Starting processing
2022-12-14 17:00:41,888 - INFO - Query: SELECT id, dataset_id, url_api, progress, score FROM "Jobs" 
2022-12-14 17:00:41,889 - INFO - get data from database success
2022-12-14 17:00:41,890 - ERROR - url api fail in job_id: 25
2022-12-14 17:00:44,893 - WARNING - Starting processing
2022-12-14 17:00:44,899 - INFO - Query: SELECT id, dataset_id, url_api, progress, score FROM "Jobs" 
2022-12-14 17:00:44,900 - INFO - get data from database success
2022-12-14 17:00:44,900 - ERROR - url api fail in job_id: 25
2022-12-14 17:00:47,901 - WARNING - Starting processing
2022-12-14 17:00:47,907 - INFO - Query: SELECT id, dataset_id, url_api, progress, score FROM "Jobs" 
2022-12-14 17:00:47,908 - INFO - get data from database success
2022-12-14 17:00:47,908 - ERROR - url api fail in job_id: 25
2022-12-14 17:00:50,910 - WARNING - Starting processing
2022-12-14 17:00:50,917 - INFO - Query: SELECT id, dataset_id, url_api, progress, score FROM "Jobs" 
2022-12-14 17:00:50,918 - INFO - get data from database success
2022-12-14 17:00:50,918 - ERROR - url api fail in job_id: 25
2022-12-14 17:00:53,921 - WARNING - Starting processing
2022-12-14 17:00:53,926 - INFO - Query: SELECT id, dataset_id, url_api, progress, score FROM "Jobs" 
2022-12-14 17:00:53,927 - INFO - get data from database success
2022-12-14 17:00:53,927 - ERROR - url api fail in job_id: 25
2022-12-14 17:00:56,930 - WARNING - Starting processing
2022-12-14 17:00:56,936 - INFO - Query: SELECT id, dataset_id, url_api, progress, score FROM "Jobs" 
2022-12-14 17:00:56,936 - INFO - get data from database success
2022-12-14 17:00:56,937 - ERROR - url api fail in job_id: 25
2022-12-14 17:00:59,937 - WARNING - Starting processing
2022-12-14 17:00:59,942 - INFO - Query: SELECT id, dataset_id, url_api, progress, score FROM "Jobs" 
2022-12-14 17:00:59,943 - INFO - get data from database success
2022-12-14 17:00:59,943 - ERROR - url api fail in job_id: 25
2022-12-14 17:01:02,945 - WARNING - Starting processing
2022-12-14 17:01:02,950 - INFO - Query: SELECT id, dataset_id, url_api, progress, score FROM "Jobs" 
2022-12-14 17:01:02,951 - INFO - get data from database success
2022-12-14 17:01:02,951 - ERROR - url api fail in job_id: 25
2022-12-14 17:01:05,953 - WARNING - Starting processing
2022-12-14 17:01:05,958 - INFO - Query: SELECT id, dataset_id, url_api, progress, score FROM "Jobs" 
2022-12-14 17:01:05,959 - INFO - get data from database success
2022-12-14 17:01:05,959 - ERROR - url api fail in job_id: 25
2022-12-14 17:01:08,961 - WARNING - Starting processing
2022-12-14 17:01:08,966 - INFO - Query: SELECT id, dataset_id, url_api, progress, score FROM "Jobs" 
2022-12-14 17:01:08,967 - INFO - get data from database success
2022-12-14 17:01:08,967 - ERROR - url api fail in job_id: 25
2022-12-14 17:01:11,969 - WARNING - Starting processing
2022-12-14 17:01:11,975 - INFO - Query: SELECT id, dataset_id, url_api, progress, score FROM "Jobs" 
2022-12-14 17:01:11,976 - INFO - get data from database success
2022-12-14 17:01:11,976 - ERROR - url api fail in job_id: 25
2022-12-14 17:01:14,978 - WARNING - Starting processing
2022-12-14 17:01:14,983 - INFO - Query: SELECT id, dataset_id, url_api, progress, score FROM "Jobs" 
2022-12-14 17:01:14,983 - INFO - get data from database success
2022-12-14 17:01:14,984 - ERROR - url api fail in job_id: 25
2022-12-14 17:01:17,987 - WARNING - Starting processing
2022-12-14 17:01:18,003 - INFO - Query: SELECT id, dataset_id, url_api, progress, score FROM "Jobs" 
2022-12-14 17:01:18,006 - INFO - get data from database success
2022-12-14 17:01:18,007 - ERROR - url api fail in job_id: 25
2022-12-14 17:01:21,010 - WARNING - Starting processing
2022-12-14 17:01:21,015 - INFO - Query: SELECT id, dataset_id, url_api, progress, score FROM "Jobs" 
2022-12-14 17:01:21,016 - INFO - get data from database success
2022-12-14 17:01:21,016 - ERROR - url api fail in job_id: 25
2022-12-14 17:01:24,017 - WARNING - Starting processing
2022-12-14 17:01:24,022 - INFO - Query: SELECT id, dataset_id, url_api, progress, score FROM "Jobs" 
2022-12-14 17:01:24,023 - INFO - get data from database success
2022-12-14 17:01:24,023 - ERROR - url api fail in job_id: 25
2022-12-14 17:01:27,025 - WARNING - Starting processing
2022-12-14 17:01:27,030 - INFO - Query: SELECT id, dataset_id, url_api, progress, score FROM "Jobs" 
2022-12-14 17:01:27,031 - INFO - get data from database success
2022-12-14 17:01:27,031 - ERROR - url api fail in job_id: 25
2022-12-14 17:01:30,033 - WARNING - Starting processing
2022-12-14 17:01:30,044 - INFO - Query: SELECT id, dataset_id, url_api, progress, score FROM "Jobs" 
2022-12-14 17:01:30,046 - INFO - get data from database success
2022-12-14 17:01:30,051 - ERROR - url api fail in job_id: 25
2022-12-14 17:01:33,053 - WARNING - Starting processing
2022-12-14 17:01:33,075 - INFO - Query: SELECT id, dataset_id, url_api, progress, score FROM "Jobs" 
2022-12-14 17:01:33,078 - INFO - get data from database success
2022-12-14 17:01:33,078 - ERROR - url api fail in job_id: 25
2022-12-14 17:01:36,081 - WARNING - Starting processing
2022-12-14 17:01:36,090 - INFO - Query: SELECT id, dataset_id, url_api, progress, score FROM "Jobs" 
2022-12-14 17:01:36,091 - INFO - get data from database success
2022-12-14 17:01:36,091 - ERROR - url api fail in job_id: 25
2022-12-14 17:01:39,093 - WARNING - Starting processing
2022-12-14 17:01:39,103 - INFO - Query: SELECT id, dataset_id, url_api, progress, score FROM "Jobs" 
2022-12-14 17:01:39,114 - INFO - get data from database success
2022-12-14 17:01:39,114 - ERROR - url api fail in job_id: 25
2022-12-14 17:01:42,117 - WARNING - Starting processing
2022-12-14 17:01:42,127 - INFO - Query: SELECT id, dataset_id, url_api, progress, score FROM "Jobs" 
2022-12-14 17:01:42,128 - INFO - get data from database success
2022-12-14 17:01:42,128 - ERROR - url api fail in job_id: 25
2022-12-14 17:01:45,129 - WARNING - Starting processing
2022-12-14 17:01:45,136 - INFO - Query: SELECT id, dataset_id, url_api, progress, score FROM "Jobs" 
2022-12-14 17:01:45,138 - INFO - get data from database success
2022-12-14 17:01:45,138 - ERROR - url api fail in job_id: 25
2022-12-14 17:01:48,141 - WARNING - Starting processing
2022-12-14 17:01:48,147 - INFO - Query: SELECT id, dataset_id, url_api, progress, score FROM "Jobs" 
2022-12-14 17:01:48,148 - INFO - get data from database success
2022-12-14 17:01:48,148 - ERROR - url api fail in job_id: 25
2022-12-14 17:01:51,149 - WARNING - Starting processing
2022-12-14 17:01:51,155 - INFO - Query: SELECT id, dataset_id, url_api, progress, score FROM "Jobs" 
2022-12-14 17:01:51,156 - INFO - get data from database success
2022-12-14 17:01:51,156 - ERROR - url api fail in job_id: 25
2022-12-14 17:01:54,160 - WARNING - Starting processing
2022-12-14 17:01:54,165 - INFO - Query: SELECT id, dataset_id, url_api, progress, score FROM "Jobs" 
2022-12-14 17:01:54,166 - INFO - get data from database success
2022-12-14 17:01:54,166 - ERROR - url api fail in job_id: 25
2022-12-14 17:01:57,169 - WARNING - Starting processing
2022-12-14 17:01:57,175 - INFO - Query: SELECT id, dataset_id, url_api, progress, score FROM "Jobs" 
2022-12-14 17:01:57,176 - INFO - get data from database success
2022-12-14 17:01:57,177 - ERROR - url api fail in job_id: 25
2022-12-14 17:02:00,180 - WARNING - Starting processing
2022-12-14 17:02:00,186 - INFO - Query: SELECT id, dataset_id, url_api, progress, score FROM "Jobs" 
2022-12-14 17:02:00,187 - INFO - get data from database success
2022-12-14 17:02:00,187 - ERROR - url api fail in job_id: 25
2022-12-14 17:02:03,189 - WARNING - Starting processing
2022-12-14 17:02:03,194 - INFO - Query: SELECT id, dataset_id, url_api, progress, score FROM "Jobs" 
2022-12-14 17:02:03,195 - INFO - get data from database success
2022-12-14 17:02:03,195 - ERROR - url api fail in job_id: 25
2022-12-14 17:02:06,197 - WARNING - Starting processing
2022-12-14 17:02:06,203 - INFO - Query: SELECT id, dataset_id, url_api, progress, score FROM "Jobs" 
2022-12-14 17:02:06,203 - INFO - get data from database success
2022-12-14 17:02:06,204 - ERROR - url api fail in job_id: 25
2022-12-14 17:02:09,207 - WARNING - Starting processing
2022-12-14 17:02:09,212 - INFO - Query: SELECT id, dataset_id, url_api, progress, score FROM "Jobs" 
2022-12-14 17:02:09,213 - INFO - get data from database success
2022-12-14 17:02:09,213 - ERROR - url api fail in job_id: 25
2022-12-14 17:02:12,217 - WARNING - Starting processing
2022-12-14 17:02:12,222 - INFO - Query: SELECT id, dataset_id, url_api, progress, score FROM "Jobs" 
2022-12-14 17:02:12,223 - INFO - get data from database success
2022-12-14 17:02:12,223 - ERROR - url api fail in job_id: 25
2022-12-14 17:02:15,225 - WARNING - Starting processing
2022-12-14 17:02:15,234 - INFO - Query: SELECT id, dataset_id, url_api, progress, score FROM "Jobs" 
2022-12-14 17:02:15,235 - INFO - get data from database success
2022-12-14 17:02:15,235 - ERROR - url api fail in job_id: 25
2022-12-14 17:02:18,237 - WARNING - Starting processing
2022-12-14 17:02:18,243 - INFO - Query: SELECT id, dataset_id, url_api, progress, score FROM "Jobs" 
2022-12-14 17:02:18,243 - INFO - get data from database success
2022-12-14 17:02:18,243 - ERROR - url api fail in job_id: 25
2022-12-14 17:02:21,245 - WARNING - Starting processing
2022-12-14 17:02:21,251 - INFO - Query: SELECT id, dataset_id, url_api, progress, score FROM "Jobs" 
2022-12-14 17:02:21,253 - INFO - get data from database success
2022-12-14 17:02:21,255 - ERROR - url api fail in job_id: 25
2022-12-14 17:02:24,257 - WARNING - Starting processing
2022-12-14 17:02:24,263 - INFO - Query: SELECT id, dataset_id, url_api, progress, score FROM "Jobs" 
2022-12-14 17:02:24,264 - INFO - get data from database success
2022-12-14 17:02:24,264 - ERROR - url api fail in job_id: 25
2022-12-14 17:02:27,265 - WARNING - Starting processing
2022-12-14 17:02:27,272 - INFO - Query: SELECT id, dataset_id, url_api, progress, score FROM "Jobs" 
2022-12-14 17:02:27,273 - INFO - get data from database success
2022-12-14 17:02:27,273 - ERROR - url api fail in job_id: 25
2022-12-14 17:02:30,273 - WARNING - Starting processing
2022-12-14 17:02:30,281 - INFO - Query: SELECT id, dataset_id, url_api, progress, score FROM "Jobs" 
2022-12-14 17:02:30,282 - INFO - get data from database success
2022-12-14 17:02:30,283 - ERROR - url api fail in job_id: 25
2022-12-14 17:02:33,285 - WARNING - Starting processing
2022-12-14 17:02:33,291 - INFO - Query: SELECT id, dataset_id, url_api, progress, score FROM "Jobs" 
2022-12-14 17:02:33,292 - INFO - get data from database success
2022-12-14 17:02:33,292 - ERROR - url api fail in job_id: 25
2022-12-14 17:02:36,293 - WARNING - Starting processing
2022-12-14 17:02:36,298 - INFO - Query: SELECT id, dataset_id, url_api, progress, score FROM "Jobs" 
2022-12-14 17:02:36,299 - INFO - get data from database success
2022-12-14 17:02:36,299 - ERROR - url api fail in job_id: 25
2022-12-14 17:02:39,301 - WARNING - Starting processing
2022-12-14 17:02:39,306 - INFO - Query: SELECT id, dataset_id, url_api, progress, score FROM "Jobs" 
2022-12-14 17:02:39,307 - INFO - get data from database success
2022-12-14 17:02:39,307 - ERROR - url api fail in job_id: 25
2022-12-14 17:02:42,309 - WARNING - Starting processing
2022-12-14 17:02:42,314 - INFO - Query: SELECT id, dataset_id, url_api, progress, score FROM "Jobs" 
2022-12-14 17:02:42,315 - INFO - get data from database success
2022-12-14 17:02:42,315 - ERROR - url api fail in job_id: 25
2022-12-14 17:02:45,317 - WARNING - Starting processing
2022-12-14 17:02:45,328 - INFO - Query: SELECT id, dataset_id, url_api, progress, score FROM "Jobs" 
2022-12-14 17:02:45,330 - INFO - get data from database success
2022-12-14 17:02:45,335 - ERROR - url api fail in job_id: 25
2022-12-14 17:02:48,337 - WARNING - Starting processing
2022-12-14 17:02:48,343 - INFO - Query: SELECT id, dataset_id, url_api, progress, score FROM "Jobs" 
2022-12-14 17:02:48,343 - INFO - get data from database success
2022-12-14 17:02:48,344 - ERROR - url api fail in job_id: 25
2022-12-14 17:02:51,345 - WARNING - Starting processing
2022-12-14 17:02:51,359 - INFO - Query: SELECT id, dataset_id, url_api, progress, score FROM "Jobs" 
2022-12-14 17:02:51,361 - INFO - get data from database success
2022-12-14 17:02:51,361 - ERROR - url api fail in job_id: 25
2022-12-14 17:02:54,364 - WARNING - Starting processing
2022-12-14 17:02:54,382 - INFO - Query: SELECT id, dataset_id, url_api, progress, score FROM "Jobs" 
2022-12-14 17:02:54,384 - INFO - get data from database success
2022-12-14 17:02:54,385 - ERROR - url api fail in job_id: 25
2022-12-14 17:02:57,388 - WARNING - Starting processing
2022-12-14 17:02:57,405 - INFO - Query: SELECT id, dataset_id, url_api, progress, score FROM "Jobs" 
2022-12-14 17:02:57,408 - INFO - get data from database success
2022-12-14 17:02:57,408 - ERROR - url api fail in job_id: 25
2022-12-14 17:03:00,409 - WARNING - Starting processing
2022-12-14 17:03:00,414 - INFO - Query: SELECT id, dataset_id, url_api, progress, score FROM "Jobs" 
2022-12-14 17:03:00,415 - INFO - get data from database success
2022-12-14 17:03:00,415 - ERROR - url api fail in job_id: 25
2022-12-14 17:03:03,417 - WARNING - Starting processing
2022-12-14 17:03:03,422 - INFO - Query: SELECT id, dataset_id, url_api, progress, score FROM "Jobs" 
2022-12-14 17:03:03,423 - INFO - get data from database success
2022-12-14 17:03:03,423 - ERROR - url api fail in job_id: 25
2022-12-14 17:03:06,425 - WARNING - Starting processing
2022-12-14 17:03:06,430 - INFO - Query: SELECT id, dataset_id, url_api, progress, score FROM "Jobs" 
2022-12-14 17:03:06,431 - INFO - get data from database success
2022-12-14 17:03:06,431 - ERROR - url api fail in job_id: 25
2022-12-14 17:03:09,433 - WARNING - Starting processing
2022-12-14 17:03:09,448 - INFO - Query: SELECT id, dataset_id, url_api, progress, score FROM "Jobs" 
2022-12-14 17:03:09,450 - INFO - get data from database success
2022-12-14 17:03:09,451 - ERROR - url api fail in job_id: 25
2022-12-14 17:03:12,454 - WARNING - Starting processing
2022-12-14 17:03:12,459 - INFO - Query: SELECT id, dataset_id, url_api, progress, score FROM "Jobs" 
2022-12-14 17:03:12,460 - INFO - get data from database success
2022-12-14 17:03:12,460 - ERROR - url api fail in job_id: 25
2022-12-14 17:03:15,461 - WARNING - Starting processing
2022-12-14 17:03:15,480 - INFO - Query: SELECT id, dataset_id, url_api, progress, score FROM "Jobs" 
2022-12-14 17:03:15,482 - INFO - get data from database success
2022-12-14 17:03:15,483 - ERROR - url api fail in job_id: 25
2022-12-14 17:03:18,485 - WARNING - Starting processing
2022-12-14 17:03:18,492 - INFO - Query: SELECT id, dataset_id, url_api, progress, score FROM "Jobs" 
2022-12-14 17:03:18,493 - INFO - get data from database success
2022-12-14 17:03:18,493 - ERROR - url api fail in job_id: 25
2022-12-14 17:03:21,496 - WARNING - Starting processing
2022-12-14 17:03:21,503 - INFO - Query: SELECT id, dataset_id, url_api, progress, score FROM "Jobs" 
2022-12-14 17:03:21,503 - INFO - get data from database success
2022-12-14 17:03:21,504 - ERROR - url api fail in job_id: 25
2022-12-14 17:03:24,505 - WARNING - Starting processing
2022-12-14 17:03:24,512 - INFO - Query: SELECT id, dataset_id, url_api, progress, score FROM "Jobs" 
2022-12-14 17:03:24,513 - INFO - get data from database success
2022-12-14 17:03:24,513 - ERROR - url api fail in job_id: 25
2022-12-14 17:03:27,516 - WARNING - Starting processing
2022-12-14 17:03:27,521 - INFO - Query: SELECT id, dataset_id, url_api, progress, score FROM "Jobs" 
2022-12-14 17:03:27,522 - INFO - get data from database success
2022-12-14 17:03:27,522 - ERROR - url api fail in job_id: 25
2022-12-14 17:03:30,525 - WARNING - Starting processing
2022-12-14 17:03:30,530 - INFO - Query: SELECT id, dataset_id, url_api, progress, score FROM "Jobs" 
2022-12-14 17:03:30,532 - INFO - get data from database success
2022-12-14 17:03:30,532 - ERROR - url api fail in job_id: 25
2022-12-14 17:03:33,533 - WARNING - Starting processing
2022-12-14 17:03:33,538 - INFO - Query: SELECT id, dataset_id, url_api, progress, score FROM "Jobs" 
2022-12-14 17:03:33,539 - INFO - get data from database success
2022-12-14 17:03:33,539 - ERROR - url api fail in job_id: 25
2022-12-14 17:03:36,541 - WARNING - Starting processing
2022-12-14 17:03:36,547 - INFO - Query: SELECT id, dataset_id, url_api, progress, score FROM "Jobs" 
2022-12-14 17:03:36,548 - INFO - get data from database success
2022-12-14 17:03:36,548 - ERROR - url api fail in job_id: 25
2022-12-14 17:03:39,549 - WARNING - Starting processing
2022-12-14 17:03:39,554 - INFO - Query: SELECT id, dataset_id, url_api, progress, score FROM "Jobs" 
2022-12-14 17:03:39,555 - INFO - get data from database success
2022-12-14 17:03:39,555 - ERROR - url api fail in job_id: 25
2022-12-14 17:03:42,557 - WARNING - Starting processing
2022-12-14 17:03:42,562 - INFO - Query: SELECT id, dataset_id, url_api, progress, score FROM "Jobs" 
2022-12-14 17:03:42,563 - INFO - get data from database success
2022-12-14 17:03:42,563 - ERROR - url api fail in job_id: 25
2022-12-14 17:03:45,567 - WARNING - Starting processing
2022-12-14 17:03:45,572 - INFO - Query: SELECT id, dataset_id, url_api, progress, score FROM "Jobs" 
2022-12-14 17:03:45,573 - INFO - get data from database success
2022-12-14 17:03:45,573 - ERROR - url api fail in job_id: 25
2022-12-14 17:03:48,573 - WARNING - Starting processing
2022-12-14 17:03:48,579 - INFO - Query: SELECT id, dataset_id, url_api, progress, score FROM "Jobs" 
2022-12-14 17:03:48,580 - INFO - get data from database success
2022-12-14 17:03:48,580 - ERROR - url api fail in job_id: 25
2022-12-14 17:03:51,583 - WARNING - Starting processing
2022-12-14 17:03:51,588 - INFO - Query: SELECT id, dataset_id, url_api, progress, score FROM "Jobs" 
2022-12-14 17:03:51,588 - INFO - get data from database success
2022-12-14 17:03:51,589 - ERROR - url api fail in job_id: 25
2022-12-14 17:03:54,589 - WARNING - Starting processing
2022-12-14 17:03:54,597 - INFO - Query: SELECT id, dataset_id, url_api, progress, score FROM "Jobs" 
2022-12-14 17:03:54,599 - INFO - get data from database success
2022-12-14 17:03:54,599 - ERROR - url api fail in job_id: 25
2022-12-14 17:03:57,601 - WARNING - Starting processing
2022-12-14 17:03:57,613 - INFO - Query: SELECT id, dataset_id, url_api, progress, score FROM "Jobs" 
2022-12-14 17:03:57,614 - INFO - get data from database success
2022-12-14 17:03:57,615 - ERROR - url api fail in job_id: 25
2022-12-14 17:04:00,618 - WARNING - Starting processing
2022-12-14 17:04:00,623 - INFO - Query: SELECT id, dataset_id, url_api, progress, score FROM "Jobs" 
2022-12-14 17:04:00,624 - INFO - get data from database success
2022-12-14 17:04:00,624 - ERROR - url api fail in job_id: 25
2022-12-14 17:04:03,627 - WARNING - Starting processing
2022-12-14 17:04:03,632 - INFO - Query: SELECT id, dataset_id, url_api, progress, score FROM "Jobs" 
2022-12-14 17:04:03,633 - INFO - get data from database success
2022-12-14 17:04:03,633 - ERROR - url api fail in job_id: 25
2022-12-14 17:04:06,636 - WARNING - Starting processing
2022-12-14 17:04:06,643 - INFO - Query: SELECT id, dataset_id, url_api, progress, score FROM "Jobs" 
2022-12-14 17:04:06,643 - INFO - get data from database success
2022-12-14 17:04:06,644 - ERROR - url api fail in job_id: 25
2022-12-14 17:04:09,645 - WARNING - Starting processing
2022-12-14 17:04:09,650 - INFO - Query: SELECT id, dataset_id, url_api, progress, score FROM "Jobs" 
2022-12-14 17:04:09,651 - INFO - get data from database success
2022-12-14 17:04:09,651 - ERROR - url api fail in job_id: 25
2022-12-14 17:04:12,654 - WARNING - Starting processing
2022-12-14 17:04:12,659 - INFO - Query: SELECT id, dataset_id, url_api, progress, score FROM "Jobs" 
2022-12-14 17:04:12,660 - INFO - get data from database success
2022-12-14 17:04:12,661 - ERROR - url api fail in job_id: 25
2022-12-14 17:04:15,664 - WARNING - Starting processing
2022-12-14 17:04:15,669 - INFO - Query: SELECT id, dataset_id, url_api, progress, score FROM "Jobs" 
2022-12-14 17:04:15,670 - INFO - get data from database success
2022-12-14 17:04:15,670 - ERROR - url api fail in job_id: 25
2022-12-14 17:04:18,673 - WARNING - Starting processing
2022-12-14 17:04:18,679 - INFO - Query: SELECT id, dataset_id, url_api, progress, score FROM "Jobs" 
2022-12-14 17:04:18,679 - INFO - get data from database success
2022-12-14 17:04:18,680 - ERROR - url api fail in job_id: 25
2022-12-14 17:04:21,681 - WARNING - Starting processing
2022-12-14 17:04:21,688 - INFO - Query: SELECT id, dataset_id, url_api, progress, score FROM "Jobs" 
2022-12-14 17:04:21,689 - INFO - get data from database success
2022-12-14 17:04:21,690 - ERROR - url api fail in job_id: 25
2022-12-14 17:04:24,693 - WARNING - Starting processing
2022-12-14 17:04:24,700 - INFO - Query: SELECT id, dataset_id, url_api, progress, score FROM "Jobs" 
2022-12-14 17:04:24,701 - INFO - get data from database success
2022-12-14 17:04:24,701 - ERROR - url api fail in job_id: 25
2022-12-14 17:04:27,701 - WARNING - Starting processing
2022-12-14 17:04:27,707 - INFO - Query: SELECT id, dataset_id, url_api, progress, score FROM "Jobs" 
2022-12-14 17:04:27,709 - INFO - get data from database success
2022-12-14 17:04:27,709 - ERROR - url api fail in job_id: 25
2022-12-14 17:04:30,711 - WARNING - Starting processing
2022-12-14 17:04:30,726 - INFO - Query: SELECT id, dataset_id, url_api, progress, score FROM "Jobs" 
2022-12-14 17:04:30,728 - INFO - get data from database success
2022-12-14 17:04:30,728 - ERROR - url api fail in job_id: 25
2022-12-14 17:04:33,729 - WARNING - Starting processing
2022-12-14 17:04:33,739 - INFO - Query: SELECT id, dataset_id, url_api, progress, score FROM "Jobs" 
2022-12-14 17:04:33,741 - INFO - get data from database success
2022-12-14 17:04:33,747 - ERROR - url api fail in job_id: 25
2022-12-14 17:04:36,749 - WARNING - Starting processing
2022-12-14 17:04:36,762 - INFO - Query: SELECT id, dataset_id, url_api, progress, score FROM "Jobs" 
2022-12-14 17:04:36,764 - INFO - get data from database success
2022-12-14 17:04:36,765 - ERROR - url api fail in job_id: 25
2022-12-14 17:04:39,765 - WARNING - Starting processing
2022-12-14 17:04:39,771 - INFO - Query: SELECT id, dataset_id, url_api, progress, score FROM "Jobs" 
2022-12-14 17:04:39,772 - INFO - get data from database success
2022-12-14 17:04:39,772 - ERROR - url api fail in job_id: 25
2022-12-14 17:04:42,773 - WARNING - Starting processing
2022-12-14 17:04:42,781 - INFO - Query: SELECT id, dataset_id, url_api, progress, score FROM "Jobs" 
2022-12-14 17:04:42,782 - INFO - get data from database success
2022-12-14 17:04:42,783 - ERROR - url api fail in job_id: 25
2022-12-14 17:04:45,785 - WARNING - Starting processing
2022-12-14 17:04:45,792 - INFO - Query: SELECT id, dataset_id, url_api, progress, score FROM "Jobs" 
2022-12-14 17:04:45,792 - INFO - get data from database success
2022-12-14 17:04:45,793 - ERROR - url api fail in job_id: 25
2022-12-14 17:04:48,793 - WARNING - Starting processing
2022-12-14 17:04:48,798 - INFO - Query: SELECT id, dataset_id, url_api, progress, score FROM "Jobs" 
2022-12-14 17:04:48,799 - INFO - get data from database success
2022-12-14 17:04:48,799 - ERROR - url api fail in job_id: 25
2022-12-14 17:04:51,801 - WARNING - Starting processing
2022-12-14 17:04:51,809 - INFO - Query: SELECT id, dataset_id, url_api, progress, score FROM "Jobs" 
2022-12-14 17:04:51,810 - INFO - get data from database success
2022-12-14 17:04:51,813 - ERROR - url api fail in job_id: 25
2022-12-14 17:04:54,816 - WARNING - Starting processing
2022-12-14 17:04:54,822 - INFO - Query: SELECT id, dataset_id, url_api, progress, score FROM "Jobs" 
2022-12-14 17:04:54,822 - INFO - get data from database success
2022-12-14 17:04:54,823 - ERROR - url api fail in job_id: 25
2022-12-14 17:04:57,825 - WARNING - Starting processing
2022-12-14 17:04:57,837 - INFO - Query: SELECT id, dataset_id, url_api, progress, score FROM "Jobs" 
2022-12-14 17:04:57,838 - INFO - get data from database success
2022-12-14 17:04:57,838 - ERROR - url api fail in job_id: 25
2022-12-14 17:05:00,841 - WARNING - Starting processing
2022-12-14 17:05:00,848 - INFO - Query: SELECT id, dataset_id, url_api, progress, score FROM "Jobs" 
2022-12-14 17:05:00,850 - INFO - get data from database success
2022-12-14 17:05:00,850 - ERROR - url api fail in job_id: 25
2022-12-14 17:05:03,853 - WARNING - Starting processing
2022-12-14 17:05:03,859 - INFO - Query: SELECT id, dataset_id, url_api, progress, score FROM "Jobs" 
2022-12-14 17:05:03,860 - INFO - get data from database success
2022-12-14 17:05:03,860 - ERROR - url api fail in job_id: 25
2022-12-14 17:05:06,861 - WARNING - Starting processing
2022-12-14 17:05:06,872 - INFO - Query: SELECT id, dataset_id, url_api, progress, score FROM "Jobs" 
2022-12-14 17:05:06,874 - INFO - get data from database success
2022-12-14 17:05:06,875 - ERROR - url api fail in job_id: 25
2022-12-14 17:05:09,877 - WARNING - Starting processing
2022-12-14 17:05:09,883 - INFO - Query: SELECT id, dataset_id, url_api, progress, score FROM "Jobs" 
2022-12-14 17:05:09,884 - INFO - get data from database success
2022-12-14 17:05:09,884 - ERROR - url api fail in job_id: 25
2022-12-14 17:05:12,885 - WARNING - Starting processing
2022-12-14 17:05:12,891 - INFO - Query: SELECT id, dataset_id, url_api, progress, score FROM "Jobs" 
2022-12-14 17:05:12,892 - INFO - get data from database success
2022-12-14 17:05:12,892 - ERROR - url api fail in job_id: 25
2022-12-14 17:05:15,895 - WARNING - Starting processing
2022-12-14 17:05:15,901 - INFO - Query: SELECT id, dataset_id, url_api, progress, score FROM "Jobs" 
2022-12-14 17:05:15,902 - INFO - get data from database success
2022-12-14 17:05:15,903 - ERROR - url api fail in job_id: 25
2022-12-14 17:05:18,905 - WARNING - Starting processing
2022-12-14 17:05:18,917 - INFO - Query: SELECT id, dataset_id, url_api, progress, score FROM "Jobs" 
2022-12-14 17:05:18,918 - INFO - get data from database success
2022-12-14 17:05:18,918 - ERROR - url api fail in job_id: 25
2022-12-14 17:05:21,921 - WARNING - Starting processing
2022-12-14 17:05:21,927 - INFO - Query: SELECT id, dataset_id, url_api, progress, score FROM "Jobs" 
2022-12-14 17:05:21,928 - INFO - get data from database success
2022-12-14 17:05:21,928 - ERROR - url api fail in job_id: 25
2022-12-14 17:05:24,931 - WARNING - Starting processing
2022-12-14 17:05:24,936 - INFO - Query: SELECT id, dataset_id, url_api, progress, score FROM "Jobs" 
2022-12-14 17:05:24,937 - INFO - get data from database success
2022-12-14 17:05:24,937 - ERROR - url api fail in job_id: 25
2022-12-14 17:05:27,937 - WARNING - Starting processing
2022-12-14 17:05:27,942 - INFO - Query: SELECT id, dataset_id, url_api, progress, score FROM "Jobs" 
2022-12-14 17:05:27,943 - INFO - get data from database success
2022-12-14 17:05:27,943 - ERROR - url api fail in job_id: 25
2022-12-14 17:05:30,946 - WARNING - Starting processing
2022-12-14 17:05:30,955 - INFO - Query: SELECT id, dataset_id, url_api, progress, score FROM "Jobs" 
2022-12-14 17:05:30,957 - INFO - get data from database success
2022-12-14 17:05:30,957 - ERROR - url api fail in job_id: 25
2022-12-14 17:05:33,958 - WARNING - Starting processing
2022-12-14 17:05:33,964 - INFO - Query: SELECT id, dataset_id, url_api, progress, score FROM "Jobs" 
2022-12-14 17:05:33,964 - INFO - get data from database success
2022-12-14 17:05:33,965 - ERROR - url api fail in job_id: 25
2022-12-14 17:05:36,965 - WARNING - Starting processing
2022-12-14 17:05:36,971 - INFO - Query: SELECT id, dataset_id, url_api, progress, score FROM "Jobs" 
2022-12-14 17:05:36,972 - INFO - get data from database success
2022-12-14 17:05:36,972 - ERROR - url api fail in job_id: 25
2022-12-14 17:05:39,973 - WARNING - Starting processing
2022-12-14 17:05:39,979 - INFO - Query: SELECT id, dataset_id, url_api, progress, score FROM "Jobs" 
2022-12-14 17:05:39,979 - INFO - get data from database success
2022-12-14 17:05:39,980 - ERROR - url api fail in job_id: 25
2022-12-14 17:05:42,981 - WARNING - Starting processing
2022-12-14 17:05:42,989 - INFO - Query: SELECT id, dataset_id, url_api, progress, score FROM "Jobs" 
2022-12-14 17:05:42,990 - INFO - get data from database success
2022-12-14 17:05:42,990 - ERROR - url api fail in job_id: 25
2022-12-14 17:05:45,993 - WARNING - Starting processing
2022-12-14 17:05:46,072 - INFO - Query: SELECT id, dataset_id, url_api, progress, score FROM "Jobs" 
2022-12-14 17:05:46,073 - INFO - get data from database success
2022-12-14 17:05:46,074 - ERROR - url api fail in job_id: 25
2022-12-14 17:05:49,077 - WARNING - Starting processing
2022-12-14 17:05:49,148 - INFO - Query: SELECT id, dataset_id, url_api, progress, score FROM "Jobs" 
2022-12-14 17:05:49,149 - INFO - get data from database success
2022-12-14 17:05:49,150 - ERROR - url api fail in job_id: 25
2022-12-14 17:05:52,153 - WARNING - Starting processing
2022-12-14 17:05:52,167 - INFO - Query: SELECT id, dataset_id, url_api, progress, score FROM "Jobs" 
2022-12-14 17:05:52,169 - INFO - get data from database success
2022-12-14 17:05:52,174 - ERROR - url api fail in job_id: 25
2022-12-14 17:05:55,177 - WARNING - Starting processing
2022-12-14 17:05:55,183 - INFO - Query: SELECT id, dataset_id, url_api, progress, score FROM "Jobs" 
2022-12-14 17:05:55,185 - INFO - get data from database success
2022-12-14 17:05:55,185 - ERROR - url api fail in job_id: 25
2022-12-14 17:05:58,189 - WARNING - Starting processing
2022-12-14 17:05:58,194 - INFO - Query: SELECT id, dataset_id, url_api, progress, score FROM "Jobs" 
2022-12-14 17:05:58,195 - INFO - get data from database success
2022-12-14 17:05:58,195 - ERROR - url api fail in job_id: 25
2022-12-14 17:06:01,197 - WARNING - Starting processing
2022-12-14 17:06:01,204 - INFO - Query: SELECT id, dataset_id, url_api, progress, score FROM "Jobs" 
2022-12-14 17:06:01,205 - INFO - get data from database success
2022-12-14 17:06:01,205 - ERROR - url api fail in job_id: 25
2022-12-14 17:06:04,208 - WARNING - Starting processing
2022-12-14 17:06:04,213 - INFO - Query: SELECT id, dataset_id, url_api, progress, score FROM "Jobs" 
2022-12-14 17:06:04,214 - INFO - get data from database success
2022-12-14 17:06:04,214 - ERROR - url api fail in job_id: 25
2022-12-14 17:06:07,217 - WARNING - Starting processing
2022-12-14 17:06:07,230 - INFO - Query: SELECT id, dataset_id, url_api, progress, score FROM "Jobs" 
2022-12-14 17:06:07,232 - INFO - get data from database success
2022-12-14 17:06:07,233 - ERROR - url api fail in job_id: 25
2022-12-14 17:06:10,236 - WARNING - Starting processing
2022-12-14 17:06:10,242 - INFO - Query: SELECT id, dataset_id, url_api, progress, score FROM "Jobs" 
2022-12-14 17:06:10,243 - INFO - get data from database success
2022-12-14 17:06:10,243 - ERROR - url api fail in job_id: 25
2022-12-14 17:06:13,245 - WARNING - Starting processing
2022-12-14 17:06:13,250 - INFO - Query: SELECT id, dataset_id, url_api, progress, score FROM "Jobs" 
2022-12-14 17:06:13,251 - INFO - get data from database success
2022-12-14 17:06:13,251 - ERROR - url api fail in job_id: 25
2022-12-14 17:06:16,253 - WARNING - Starting processing
2022-12-14 17:06:16,258 - INFO - Query: SELECT id, dataset_id, url_api, progress, score FROM "Jobs" 
2022-12-14 17:06:16,259 - INFO - get data from database success
2022-12-14 17:06:16,259 - ERROR - url api fail in job_id: 25
2022-12-14 17:06:19,261 - WARNING - Starting processing
2022-12-14 17:06:19,274 - INFO - Query: SELECT id, dataset_id, url_api, progress, score FROM "Jobs" 
2022-12-14 17:06:19,276 - INFO - get data from database success
2022-12-14 17:06:19,281 - ERROR - url api fail in job_id: 25
2022-12-14 17:06:22,284 - WARNING - Starting processing
2022-12-14 17:06:22,293 - INFO - Query: SELECT id, dataset_id, url_api, progress, score FROM "Jobs" 
2022-12-14 17:06:22,294 - INFO - get data from database success
2022-12-14 17:06:22,294 - ERROR - url api fail in job_id: 25
2022-12-14 17:06:25,298 - WARNING - Starting processing
2022-12-14 17:06:25,304 - INFO - Query: SELECT id, dataset_id, url_api, progress, score FROM "Jobs" 
2022-12-14 17:06:25,305 - INFO - get data from database success
2022-12-14 17:06:25,305 - ERROR - url api fail in job_id: 25
2022-12-14 17:06:28,308 - WARNING - Starting processing
2022-12-14 17:06:28,313 - INFO - Query: SELECT id, dataset_id, url_api, progress, score FROM "Jobs" 
2022-12-14 17:06:28,314 - INFO - get data from database success
2022-12-14 17:06:28,314 - ERROR - url api fail in job_id: 25
2022-12-14 17:06:31,317 - WARNING - Starting processing
2022-12-14 17:06:31,322 - INFO - Query: SELECT id, dataset_id, url_api, progress, score FROM "Jobs" 
2022-12-14 17:06:31,323 - INFO - get data from database success
2022-12-14 17:06:31,323 - ERROR - url api fail in job_id: 25
2022-12-14 17:06:34,325 - WARNING - Starting processing
2022-12-14 17:06:34,331 - INFO - Query: SELECT id, dataset_id, url_api, progress, score FROM "Jobs" 
2022-12-14 17:06:34,331 - INFO - get data from database success
2022-12-14 17:06:34,332 - ERROR - url api fail in job_id: 25
2022-12-14 17:06:37,333 - WARNING - Starting processing
2022-12-14 17:06:37,338 - INFO - Query: SELECT id, dataset_id, url_api, progress, score FROM "Jobs" 
2022-12-14 17:06:37,339 - INFO - get data from database success
2022-12-14 17:06:37,339 - ERROR - url api fail in job_id: 25
2022-12-14 17:06:40,341 - WARNING - Starting processing
2022-12-14 17:06:40,347 - INFO - Query: SELECT id, dataset_id, url_api, progress, score FROM "Jobs" 
2022-12-14 17:06:40,349 - INFO - get data from database success
2022-12-14 17:06:40,349 - ERROR - url api fail in job_id: 25
2022-12-14 17:06:43,352 - WARNING - Starting processing
2022-12-14 17:06:43,357 - INFO - Query: SELECT id, dataset_id, url_api, progress, score FROM "Jobs" 
2022-12-14 17:06:43,358 - INFO - get data from database success
2022-12-14 17:06:43,358 - ERROR - url api fail in job_id: 25
2022-12-14 17:06:46,361 - WARNING - Starting processing
2022-12-14 17:06:46,368 - INFO - Query: SELECT id, dataset_id, url_api, progress, score FROM "Jobs" 
2022-12-14 17:06:46,369 - INFO - get data from database success
2022-12-14 17:06:46,370 - ERROR - url api fail in job_id: 25
2022-12-14 17:06:49,373 - WARNING - Starting processing
2022-12-14 17:06:49,379 - INFO - Query: SELECT id, dataset_id, url_api, progress, score FROM "Jobs" 
2022-12-14 17:06:49,380 - INFO - get data from database success
2022-12-14 17:06:49,380 - ERROR - url api fail in job_id: 25
2022-12-14 17:06:52,381 - WARNING - Starting processing
2022-12-14 17:06:52,386 - INFO - Query: SELECT id, dataset_id, url_api, progress, score FROM "Jobs" 
2022-12-14 17:06:52,387 - INFO - get data from database success
2022-12-14 17:06:52,387 - ERROR - url api fail in job_id: 25
2022-12-14 17:06:55,389 - WARNING - Starting processing
2022-12-14 17:06:55,394 - INFO - Query: SELECT id, dataset_id, url_api, progress, score FROM "Jobs" 
2022-12-14 17:06:55,395 - INFO - get data from database success
2022-12-14 17:06:55,395 - ERROR - url api fail in job_id: 25
2022-12-14 17:06:58,399 - WARNING - Starting processing
2022-12-14 17:06:58,407 - INFO - Query: SELECT id, dataset_id, url_api, progress, score FROM "Jobs" 
2022-12-14 17:06:58,408 - INFO - get data from database success
2022-12-14 17:06:58,408 - ERROR - url api fail in job_id: 25
2022-12-14 17:07:01,409 - WARNING - Starting processing
2022-12-14 17:07:01,416 - INFO - Query: SELECT id, dataset_id, url_api, progress, score FROM "Jobs" 
2022-12-14 17:07:01,417 - INFO - get data from database success
2022-12-14 17:07:01,417 - ERROR - url api fail in job_id: 25
2022-12-14 17:07:04,417 - WARNING - Starting processing
2022-12-14 17:07:04,422 - INFO - Query: SELECT id, dataset_id, url_api, progress, score FROM "Jobs" 
2022-12-14 17:07:04,423 - INFO - get data from database success
2022-12-14 17:07:04,423 - ERROR - url api fail in job_id: 25
2022-12-14 17:07:07,426 - WARNING - Starting processing
2022-12-14 17:07:07,431 - INFO - Query: SELECT id, dataset_id, url_api, progress, score FROM "Jobs" 
2022-12-14 17:07:07,432 - INFO - get data from database success
2022-12-14 17:07:07,433 - ERROR - url api fail in job_id: 25
2022-12-14 17:07:10,436 - WARNING - Starting processing
2022-12-14 17:07:10,451 - INFO - Query: SELECT id, dataset_id, url_api, progress, score FROM "Jobs" 
2022-12-14 17:07:10,453 - INFO - get data from database success
2022-12-14 17:07:10,453 - ERROR - url api fail in job_id: 25
2022-12-14 17:07:13,456 - WARNING - Starting processing
2022-12-14 17:07:13,462 - INFO - Query: SELECT id, dataset_id, url_api, progress, score FROM "Jobs" 
2022-12-14 17:07:13,463 - INFO - get data from database success
2022-12-14 17:07:13,463 - ERROR - url api fail in job_id: 25
2022-12-14 17:07:16,465 - WARNING - Starting processing
2022-12-14 17:07:16,470 - INFO - Query: SELECT id, dataset_id, url_api, progress, score FROM "Jobs" 
2022-12-14 17:07:16,471 - INFO - get data from database success
2022-12-14 17:07:16,471 - ERROR - url api fail in job_id: 25
2022-12-14 17:07:19,473 - WARNING - Starting processing
2022-12-14 17:07:19,478 - INFO - Query: SELECT id, dataset_id, url_api, progress, score FROM "Jobs" 
2022-12-14 17:07:19,479 - INFO - get data from database success
2022-12-14 17:07:19,479 - ERROR - url api fail in job_id: 25
2022-12-14 17:07:22,481 - WARNING - Starting processing
2022-12-14 17:07:22,487 - INFO - Query: SELECT id, dataset_id, url_api, progress, score FROM "Jobs" 
2022-12-14 17:07:22,488 - INFO - get data from database success
2022-12-14 17:07:22,488 - ERROR - url api fail in job_id: 25
2022-12-14 17:07:25,491 - WARNING - Starting processing
2022-12-14 17:07:25,497 - INFO - Query: SELECT id, dataset_id, url_api, progress, score FROM "Jobs" 
2022-12-14 17:07:25,498 - INFO - get data from database success
2022-12-14 17:07:25,498 - ERROR - url api fail in job_id: 25
2022-12-14 17:07:28,501 - WARNING - Starting processing
2022-12-14 17:07:28,507 - INFO - Query: SELECT id, dataset_id, url_api, progress, score FROM "Jobs" 
2022-12-14 17:07:28,508 - INFO - get data from database success
2022-12-14 17:07:28,508 - ERROR - url api fail in job_id: 25
2022-12-14 17:07:31,512 - WARNING - Starting processing
2022-12-14 17:07:31,517 - INFO - Query: SELECT id, dataset_id, url_api, progress, score FROM "Jobs" 
2022-12-14 17:07:31,518 - INFO - get data from database success
2022-12-14 17:07:31,518 - ERROR - url api fail in job_id: 25
2022-12-14 17:07:34,518 - WARNING - Starting processing
2022-12-14 17:07:34,523 - INFO - Query: SELECT id, dataset_id, url_api, progress, score FROM "Jobs" 
2022-12-14 17:07:34,524 - INFO - get data from database success
2022-12-14 17:07:34,524 - ERROR - url api fail in job_id: 25
2022-12-14 17:07:37,527 - WARNING - Starting processing
2022-12-14 17:07:37,532 - INFO - Query: SELECT id, dataset_id, url_api, progress, score FROM "Jobs" 
2022-12-14 17:07:37,533 - INFO - get data from database success
2022-12-14 17:07:37,533 - ERROR - url api fail in job_id: 25
2022-12-14 17:07:40,536 - WARNING - Starting processing
2022-12-14 17:07:40,544 - INFO - Query: SELECT id, dataset_id, url_api, progress, score FROM "Jobs" 
2022-12-14 17:07:40,546 - INFO - get data from database success
2022-12-14 17:07:40,546 - ERROR - url api fail in job_id: 25
2022-12-14 17:07:43,549 - WARNING - Starting processing
2022-12-14 17:07:43,554 - INFO - Query: SELECT id, dataset_id, url_api, progress, score FROM "Jobs" 
2022-12-14 17:07:43,555 - INFO - get data from database success
2022-12-14 17:07:43,555 - ERROR - url api fail in job_id: 25
2022-12-14 17:07:46,558 - WARNING - Starting processing
2022-12-14 17:07:46,564 - INFO - Query: SELECT id, dataset_id, url_api, progress, score FROM "Jobs" 
2022-12-14 17:07:46,565 - INFO - get data from database success
2022-12-14 17:07:46,565 - ERROR - url api fail in job_id: 25
2022-12-14 17:07:49,568 - WARNING - Starting processing
2022-12-14 17:07:49,574 - INFO - Query: SELECT id, dataset_id, url_api, progress, score FROM "Jobs" 
2022-12-14 17:07:49,575 - INFO - get data from database success
2022-12-14 17:07:49,575 - ERROR - url api fail in job_id: 25
2022-12-14 17:07:52,577 - WARNING - Starting processing
2022-12-14 17:07:52,586 - INFO - Query: SELECT id, dataset_id, url_api, progress, score FROM "Jobs" 
2022-12-14 17:07:52,634 - INFO - get data from database success
2022-12-14 17:07:52,635 - ERROR - url api fail in job_id: 25
2022-12-14 17:07:55,637 - WARNING - Starting processing
2022-12-14 17:07:55,642 - INFO - Query: SELECT id, dataset_id, url_api, progress, score FROM "Jobs" 
2022-12-14 17:07:55,643 - INFO - get data from database success
2022-12-14 17:07:55,643 - ERROR - url api fail in job_id: 25
2022-12-14 17:07:58,647 - WARNING - Starting processing
2022-12-14 17:07:58,652 - INFO - Query: SELECT id, dataset_id, url_api, progress, score FROM "Jobs" 
2022-12-14 17:07:58,653 - INFO - get data from database success
2022-12-14 17:07:58,653 - ERROR - url api fail in job_id: 25
2022-12-14 17:08:01,656 - WARNING - Starting processing
2022-12-14 17:08:01,662 - INFO - Query: SELECT id, dataset_id, url_api, progress, score FROM "Jobs" 
2022-12-14 17:08:01,663 - INFO - get data from database success
2022-12-14 17:08:01,663 - ERROR - url api fail in job_id: 25
2022-12-14 17:08:04,665 - WARNING - Starting processing
2022-12-14 17:08:04,670 - INFO - Query: SELECT id, dataset_id, url_api, progress, score FROM "Jobs" 
2022-12-14 17:08:04,671 - INFO - get data from database success
2022-12-14 17:08:04,671 - ERROR - url api fail in job_id: 25
2022-12-14 17:08:07,674 - WARNING - Starting processing
2022-12-14 17:08:07,685 - INFO - Query: SELECT id, dataset_id, url_api, progress, score FROM "Jobs" 
2022-12-14 17:08:07,686 - INFO - get data from database success
2022-12-14 17:08:07,686 - ERROR - url api fail in job_id: 25
2022-12-14 17:08:10,689 - WARNING - Starting processing
2022-12-14 17:08:10,694 - INFO - Query: SELECT id, dataset_id, url_api, progress, score FROM "Jobs" 
2022-12-14 17:08:10,695 - INFO - get data from database success
2022-12-14 17:08:10,695 - ERROR - url api fail in job_id: 25
2022-12-14 17:08:13,697 - WARNING - Starting processing
2022-12-14 17:08:13,702 - INFO - Query: SELECT id, dataset_id, url_api, progress, score FROM "Jobs" 
2022-12-14 17:08:13,703 - INFO - get data from database success
2022-12-14 17:08:13,703 - ERROR - url api fail in job_id: 25
2022-12-14 17:08:16,707 - WARNING - Starting processing
2022-12-14 17:08:16,712 - INFO - Query: SELECT id, dataset_id, url_api, progress, score FROM "Jobs" 
2022-12-14 17:08:16,713 - INFO - get data from database success
2022-12-14 17:08:16,713 - ERROR - url api fail in job_id: 25
2022-12-14 17:08:19,713 - WARNING - Starting processing
2022-12-14 17:08:19,718 - INFO - Query: SELECT id, dataset_id, url_api, progress, score FROM "Jobs" 
2022-12-14 17:08:19,719 - INFO - get data from database success
2022-12-14 17:08:19,719 - ERROR - url api fail in job_id: 25
2022-12-14 17:08:22,721 - WARNING - Starting processing
2022-12-14 17:08:22,726 - INFO - Query: SELECT id, dataset_id, url_api, progress, score FROM "Jobs" 
2022-12-14 17:08:22,727 - INFO - get data from database success
2022-12-14 17:08:22,727 - ERROR - url api fail in job_id: 25
2022-12-14 17:08:25,730 - WARNING - Starting processing
2022-12-14 17:08:25,735 - INFO - Query: SELECT id, dataset_id, url_api, progress, score FROM "Jobs" 
2022-12-14 17:08:25,736 - INFO - get data from database success
2022-12-14 17:08:25,736 - ERROR - url api fail in job_id: 25
2022-12-14 17:08:28,737 - WARNING - Starting processing
2022-12-14 17:08:28,752 - INFO - Query: SELECT id, dataset_id, url_api, progress, score FROM "Jobs" 
2022-12-14 17:08:28,754 - INFO - get data from database success
2022-12-14 17:08:28,754 - ERROR - url api fail in job_id: 25
2022-12-14 17:08:31,757 - WARNING - Starting processing
2022-12-14 17:08:31,762 - INFO - Query: SELECT id, dataset_id, url_api, progress, score FROM "Jobs" 
2022-12-14 17:08:31,763 - INFO - get data from database success
2022-12-14 17:08:31,763 - ERROR - url api fail in job_id: 25
2022-12-14 17:08:34,765 - WARNING - Starting processing
2022-12-14 17:08:34,770 - INFO - Query: SELECT id, dataset_id, url_api, progress, score FROM "Jobs" 
2022-12-14 17:08:34,771 - INFO - get data from database success
2022-12-14 17:08:34,771 - ERROR - url api fail in job_id: 25
2022-12-14 17:08:37,773 - WARNING - Starting processing
2022-12-14 17:08:37,782 - INFO - Query: SELECT id, dataset_id, url_api, progress, score FROM "Jobs" 
2022-12-14 17:08:37,784 - INFO - get data from database success
2022-12-14 17:08:37,787 - ERROR - url api fail in job_id: 25
2022-12-14 17:08:40,789 - WARNING - Starting processing
2022-12-14 17:08:40,798 - INFO - Query: SELECT id, dataset_id, url_api, progress, score FROM "Jobs" 
2022-12-14 17:08:40,799 - INFO - get data from database success
2022-12-14 17:08:40,799 - ERROR - url api fail in job_id: 25
2022-12-14 17:08:43,801 - WARNING - Starting processing
2022-12-14 17:08:43,817 - INFO - Query: SELECT id, dataset_id, url_api, progress, score FROM "Jobs" 
2022-12-14 17:08:43,819 - INFO - get data from database success
2022-12-14 17:08:43,819 - ERROR - url api fail in job_id: 25
2022-12-14 17:08:46,821 - WARNING - Starting processing
2022-12-14 17:08:46,828 - INFO - Query: SELECT id, dataset_id, url_api, progress, score FROM "Jobs" 
2022-12-14 17:08:46,829 - INFO - get data from database success
2022-12-14 17:08:46,829 - ERROR - url api fail in job_id: 25
2022-12-14 17:08:49,833 - WARNING - Starting processing
2022-12-14 17:08:49,848 - INFO - Query: SELECT id, dataset_id, url_api, progress, score FROM "Jobs" 
2022-12-14 17:08:49,850 - INFO - get data from database success
2022-12-14 17:08:49,850 - ERROR - url api fail in job_id: 25
2022-12-14 17:08:52,853 - WARNING - Starting processing
2022-12-14 17:08:52,865 - INFO - Query: SELECT id, dataset_id, url_api, progress, score FROM "Jobs" 
2022-12-14 17:08:52,866 - INFO - get data from database success
2022-12-14 17:08:52,867 - ERROR - url api fail in job_id: 25
2022-12-14 17:08:55,870 - WARNING - Starting processing
2022-12-14 17:08:55,877 - INFO - Query: SELECT id, dataset_id, url_api, progress, score FROM "Jobs" 
2022-12-14 17:08:55,878 - INFO - get data from database success
2022-12-14 17:08:55,878 - ERROR - url api fail in job_id: 25
2022-12-14 17:08:58,881 - WARNING - Starting processing
2022-12-14 17:08:58,886 - INFO - Query: SELECT id, dataset_id, url_api, progress, score FROM "Jobs" 
2022-12-14 17:08:58,887 - INFO - get data from database success
2022-12-14 17:08:58,887 - ERROR - url api fail in job_id: 25
2022-12-14 17:09:01,889 - WARNING - Starting processing
2022-12-14 17:09:01,895 - INFO - Query: SELECT id, dataset_id, url_api, progress, score FROM "Jobs" 
2022-12-14 17:09:01,896 - INFO - get data from database success
2022-12-14 17:09:01,896 - ERROR - url api fail in job_id: 25
2022-12-14 17:09:04,897 - WARNING - Starting processing
2022-12-14 17:09:04,903 - INFO - Query: SELECT id, dataset_id, url_api, progress, score FROM "Jobs" 
2022-12-14 17:09:04,904 - INFO - get data from database success
2022-12-14 17:09:04,904 - ERROR - url api fail in job_id: 25
2022-12-14 17:09:07,905 - WARNING - Starting processing
2022-12-14 17:09:07,910 - INFO - Query: SELECT id, dataset_id, url_api, progress, score FROM "Jobs" 
2022-12-14 17:09:07,911 - INFO - get data from database success
2022-12-14 17:09:07,912 - ERROR - url api fail in job_id: 25
2022-12-14 17:09:10,913 - WARNING - Starting processing
2022-12-14 17:09:10,923 - INFO - Query: SELECT id, dataset_id, url_api, progress, score FROM "Jobs" 
2022-12-14 17:09:10,925 - INFO - get data from database success
2022-12-14 17:09:10,925 - ERROR - url api fail in job_id: 25
2022-12-14 17:09:13,928 - WARNING - Starting processing
2022-12-14 17:09:13,935 - INFO - Query: SELECT id, dataset_id, url_api, progress, score FROM "Jobs" 
2022-12-14 17:09:13,937 - INFO - get data from database success
2022-12-14 17:09:13,937 - ERROR - url api fail in job_id: 25
2022-12-14 17:09:16,941 - WARNING - Starting processing
2022-12-14 17:09:16,953 - INFO - Query: SELECT id, dataset_id, url_api, progress, score FROM "Jobs" 
2022-12-14 17:09:16,955 - INFO - get data from database success
2022-12-14 17:09:16,955 - ERROR - url api fail in job_id: 25
2022-12-14 17:09:19,957 - WARNING - Starting processing
2022-12-14 17:09:19,964 - INFO - Query: SELECT id, dataset_id, url_api, progress, score FROM "Jobs" 
2022-12-14 17:09:19,965 - INFO - get data from database success
2022-12-14 17:09:19,965 - ERROR - url api fail in job_id: 25
2022-12-14 17:09:22,968 - WARNING - Starting processing
2022-12-14 17:09:22,973 - INFO - Query: SELECT id, dataset_id, url_api, progress, score FROM "Jobs" 
2022-12-14 17:09:22,974 - INFO - get data from database success
2022-12-14 17:09:22,974 - ERROR - url api fail in job_id: 25
2022-12-14 17:09:25,977 - WARNING - Starting processing
2022-12-14 17:09:25,982 - INFO - Query: SELECT id, dataset_id, url_api, progress, score FROM "Jobs" 
2022-12-14 17:09:25,983 - INFO - get data from database success
2022-12-14 17:09:25,983 - ERROR - url api fail in job_id: 25
2022-12-14 17:09:28,985 - WARNING - Starting processing
2022-12-14 17:09:29,003 - INFO - Query: SELECT id, dataset_id, url_api, progress, score FROM "Jobs" 
2022-12-14 17:09:29,006 - INFO - get data from database success
2022-12-14 17:09:29,006 - ERROR - url api fail in job_id: 25
2022-12-14 17:09:32,009 - WARNING - Starting processing
2022-12-14 17:09:32,014 - INFO - Query: SELECT id, dataset_id, url_api, progress, score FROM "Jobs" 
2022-12-14 17:09:32,015 - INFO - get data from database success
2022-12-14 17:09:32,015 - ERROR - url api fail in job_id: 25
2022-12-14 17:09:35,017 - WARNING - Starting processing
2022-12-14 17:09:35,024 - INFO - Query: SELECT id, dataset_id, url_api, progress, score FROM "Jobs" 
2022-12-14 17:09:35,025 - INFO - get data from database success
2022-12-14 17:09:35,026 - ERROR - url api fail in job_id: 25
2022-12-14 17:09:38,026 - WARNING - Starting processing
2022-12-14 17:09:38,034 - INFO - Query: SELECT id, dataset_id, url_api, progress, score FROM "Jobs" 
2022-12-14 17:09:38,036 - INFO - get data from database success
2022-12-14 17:09:38,036 - ERROR - url api fail in job_id: 25
2022-12-14 17:09:41,037 - WARNING - Starting processing
2022-12-14 17:09:41,057 - INFO - Query: SELECT id, dataset_id, url_api, progress, score FROM "Jobs" 
2022-12-14 17:09:41,059 - INFO - get data from database success
2022-12-14 17:09:41,060 - ERROR - url api fail in job_id: 25
2022-12-14 17:09:44,061 - WARNING - Starting processing
2022-12-14 17:09:44,067 - INFO - Query: SELECT id, dataset_id, url_api, progress, score FROM "Jobs" 
2022-12-14 17:09:44,067 - INFO - get data from database success
2022-12-14 17:09:44,067 - ERROR - url api fail in job_id: 25
2022-12-14 17:09:47,069 - WARNING - Starting processing
2022-12-14 17:09:47,076 - INFO - Query: SELECT id, dataset_id, url_api, progress, score FROM "Jobs" 
2022-12-14 17:09:47,077 - INFO - get data from database success
2022-12-14 17:09:47,077 - ERROR - url api fail in job_id: 25
2022-12-14 17:09:50,080 - WARNING - Starting processing
2022-12-14 17:09:50,086 - INFO - Query: SELECT id, dataset_id, url_api, progress, score FROM "Jobs" 
2022-12-14 17:09:50,087 - INFO - get data from database success
2022-12-14 17:09:50,087 - ERROR - url api fail in job_id: 25
2022-12-14 17:09:53,089 - WARNING - Starting processing
2022-12-14 17:09:53,094 - INFO - Query: SELECT id, dataset_id, url_api, progress, score FROM "Jobs" 
2022-12-14 17:09:53,095 - INFO - get data from database success
2022-12-14 17:09:53,095 - ERROR - url api fail in job_id: 25
2022-12-14 17:09:56,097 - WARNING - Starting processing
2022-12-14 17:09:56,104 - INFO - Query: SELECT id, dataset_id, url_api, progress, score FROM "Jobs" 
2022-12-14 17:09:56,106 - INFO - get data from database success
2022-12-14 17:09:56,106 - ERROR - url api fail in job_id: 25
2022-12-14 17:09:59,109 - WARNING - Starting processing
2022-12-14 17:09:59,115 - INFO - Query: SELECT id, dataset_id, url_api, progress, score FROM "Jobs" 
2022-12-14 17:09:59,115 - INFO - get data from database success
2022-12-14 17:09:59,116 - ERROR - url api fail in job_id: 25
2022-12-14 17:10:02,117 - WARNING - Starting processing
2022-12-14 17:10:02,124 - INFO - Query: SELECT id, dataset_id, url_api, progress, score FROM "Jobs" 
2022-12-14 17:10:02,125 - INFO - get data from database success
2022-12-14 17:10:02,126 - ERROR - url api fail in job_id: 25
2022-12-14 17:10:05,129 - WARNING - Starting processing
2022-12-14 17:10:05,139 - INFO - Query: SELECT id, dataset_id, url_api, progress, score FROM "Jobs" 
2022-12-14 17:10:05,140 - INFO - get data from database success
2022-12-14 17:10:05,141 - ERROR - url api fail in job_id: 25
2022-12-14 17:10:08,141 - WARNING - Starting processing
2022-12-14 17:10:08,159 - INFO - Query: SELECT id, dataset_id, url_api, progress, score FROM "Jobs" 
2022-12-14 17:10:08,162 - INFO - get data from database success
2022-12-14 17:10:08,163 - ERROR - url api fail in job_id: 25
2022-12-14 17:10:11,165 - WARNING - Starting processing
2022-12-14 17:10:11,181 - INFO - Query: SELECT id, dataset_id, url_api, progress, score FROM "Jobs" 
2022-12-14 17:10:11,184 - INFO - get data from database success
2022-12-14 17:10:11,184 - ERROR - url api fail in job_id: 25
2022-12-14 17:10:14,185 - WARNING - Starting processing
2022-12-14 17:10:14,194 - INFO - Query: SELECT id, dataset_id, url_api, progress, score FROM "Jobs" 
2022-12-14 17:10:14,194 - INFO - get data from database success
2022-12-14 17:10:14,195 - ERROR - url api fail in job_id: 25
2022-12-14 17:10:17,197 - WARNING - Starting processing
2022-12-14 17:10:17,203 - INFO - Query: SELECT id, dataset_id, url_api, progress, score FROM "Jobs" 
2022-12-14 17:10:17,203 - INFO - get data from database success
2022-12-14 17:10:17,204 - ERROR - url api fail in job_id: 25
2022-12-14 17:10:20,205 - WARNING - Starting processing
2022-12-14 17:10:20,213 - INFO - Query: SELECT id, dataset_id, url_api, progress, score FROM "Jobs" 
2022-12-14 17:10:20,214 - INFO - get data from database success
2022-12-14 17:10:20,214 - ERROR - url api fail in job_id: 25
2022-12-14 17:10:23,217 - WARNING - Starting processing
2022-12-14 17:10:23,227 - INFO - Query: SELECT id, dataset_id, url_api, progress, score FROM "Jobs" 
2022-12-14 17:10:23,230 - INFO - get data from database success
2022-12-14 17:10:23,232 - ERROR - url api fail in job_id: 25
2022-12-14 17:10:26,233 - WARNING - Starting processing
2022-12-14 17:10:26,241 - INFO - Query: SELECT id, dataset_id, url_api, progress, score FROM "Jobs" 
2022-12-14 17:10:26,242 - INFO - get data from database success
2022-12-14 17:10:26,242 - ERROR - url api fail in job_id: 25
2022-12-14 17:10:29,245 - WARNING - Starting processing
2022-12-14 17:10:29,250 - INFO - Query: SELECT id, dataset_id, url_api, progress, score FROM "Jobs" 
2022-12-14 17:10:29,251 - INFO - get data from database success
2022-12-14 17:10:29,251 - ERROR - url api fail in job_id: 25
2022-12-14 17:10:32,253 - WARNING - Starting processing
2022-12-14 17:10:32,263 - INFO - Query: SELECT id, dataset_id, url_api, progress, score FROM "Jobs" 
2022-12-14 17:10:32,264 - INFO - get data from database success
2022-12-14 17:10:32,267 - ERROR - url api fail in job_id: 25
2022-12-14 17:10:35,269 - WARNING - Starting processing
2022-12-14 17:10:35,279 - INFO - Query: SELECT id, dataset_id, url_api, progress, score FROM "Jobs" 
2022-12-14 17:10:35,281 - INFO - get data from database success
2022-12-14 17:10:35,281 - ERROR - url api fail in job_id: 25
2022-12-14 17:10:38,284 - WARNING - Starting processing
2022-12-14 17:10:38,296 - INFO - Query: SELECT id, dataset_id, url_api, progress, score FROM "Jobs" 
2022-12-14 17:10:38,298 - INFO - get data from database success
2022-12-14 17:10:38,298 - ERROR - url api fail in job_id: 25
2022-12-14 17:10:41,301 - WARNING - Starting processing
2022-12-14 17:10:41,307 - INFO - Query: SELECT id, dataset_id, url_api, progress, score FROM "Jobs" 
2022-12-14 17:10:41,308 - INFO - get data from database success
2022-12-14 17:10:41,309 - ERROR - url api fail in job_id: 25
2022-12-14 17:10:44,309 - WARNING - Starting processing
2022-12-14 17:10:44,329 - INFO - Query: SELECT id, dataset_id, url_api, progress, score FROM "Jobs" 
2022-12-14 17:10:44,332 - INFO - get data from database success
2022-12-14 17:10:44,333 - ERROR - url api fail in job_id: 25
2022-12-14 17:10:47,336 - WARNING - Starting processing
2022-12-14 17:10:47,342 - INFO - Query: SELECT id, dataset_id, url_api, progress, score FROM "Jobs" 
2022-12-14 17:10:47,343 - INFO - get data from database success
2022-12-14 17:10:47,343 - ERROR - url api fail in job_id: 25
2022-12-14 17:10:50,345 - WARNING - Starting processing
2022-12-14 17:10:50,353 - INFO - Query: SELECT id, dataset_id, url_api, progress, score FROM "Jobs" 
2022-12-14 17:10:50,353 - INFO - get data from database success
2022-12-14 17:10:50,354 - ERROR - url api fail in job_id: 25
2022-12-14 17:10:53,357 - WARNING - Starting processing
2022-12-14 17:10:53,366 - INFO - Query: SELECT id, dataset_id, url_api, progress, score FROM "Jobs" 
2022-12-14 17:10:53,367 - INFO - get data from database success
2022-12-14 17:10:53,369 - ERROR - url api fail in job_id: 25
2022-12-14 17:10:56,372 - WARNING - Starting processing
2022-12-14 17:10:56,381 - INFO - Query: SELECT id, dataset_id, url_api, progress, score FROM "Jobs" 
2022-12-14 17:10:56,382 - INFO - get data from database success
2022-12-14 17:10:56,383 - ERROR - url api fail in job_id: 25
2022-12-14 17:10:59,389 - WARNING - Starting processing
2022-12-14 17:10:59,399 - INFO - Query: SELECT id, dataset_id, url_api, progress, score FROM "Jobs" 
2022-12-14 17:10:59,400 - INFO - get data from database success
2022-12-14 17:10:59,405 - ERROR - url api fail in job_id: 25
2022-12-14 17:11:02,408 - WARNING - Starting processing
2022-12-14 17:11:02,417 - INFO - Query: SELECT id, dataset_id, url_api, progress, score FROM "Jobs" 
2022-12-14 17:11:02,418 - INFO - get data from database success
2022-12-14 17:11:02,418 - ERROR - url api fail in job_id: 25
2022-12-14 17:11:05,421 - WARNING - Starting processing
2022-12-14 17:11:05,428 - INFO - Query: SELECT id, dataset_id, url_api, progress, score FROM "Jobs" 
2022-12-14 17:11:05,429 - INFO - get data from database success
2022-12-14 17:11:05,430 - ERROR - url api fail in job_id: 25
2022-12-14 17:11:08,433 - WARNING - Starting processing
2022-12-14 17:11:08,451 - INFO - Query: SELECT id, dataset_id, url_api, progress, score FROM "Jobs" 
2022-12-14 17:11:08,454 - INFO - get data from database success
2022-12-14 17:11:08,459 - ERROR - url api fail in job_id: 25
2022-12-14 17:11:11,461 - WARNING - Starting processing
2022-12-14 17:11:11,467 - INFO - Query: SELECT id, dataset_id, url_api, progress, score FROM "Jobs" 
2022-12-14 17:11:11,468 - INFO - get data from database success
2022-12-14 17:11:11,468 - ERROR - url api fail in job_id: 25
2022-12-14 17:11:14,469 - WARNING - Starting processing
2022-12-14 17:11:14,475 - INFO - Query: SELECT id, dataset_id, url_api, progress, score FROM "Jobs" 
2022-12-14 17:11:14,476 - INFO - get data from database success
2022-12-14 17:11:14,476 - ERROR - url api fail in job_id: 25
2022-12-14 17:11:17,477 - WARNING - Starting processing
2022-12-14 17:11:17,485 - INFO - Query: SELECT id, dataset_id, url_api, progress, score FROM "Jobs" 
2022-12-14 17:11:17,486 - INFO - get data from database success
2022-12-14 17:11:17,486 - ERROR - url api fail in job_id: 25
2022-12-14 17:11:20,489 - WARNING - Starting processing
2022-12-14 17:11:20,496 - INFO - Query: SELECT id, dataset_id, url_api, progress, score FROM "Jobs" 
2022-12-14 17:11:20,497 - INFO - get data from database success
2022-12-14 17:11:20,498 - ERROR - url api fail in job_id: 25
2022-12-14 17:11:23,501 - WARNING - Starting processing
2022-12-14 17:11:23,515 - INFO - Query: SELECT id, dataset_id, url_api, progress, score FROM "Jobs" 
2022-12-14 17:11:23,517 - INFO - get data from database success
2022-12-14 17:11:23,517 - ERROR - url api fail in job_id: 25
2022-12-14 17:11:26,517 - WARNING - Starting processing
2022-12-14 17:11:26,522 - INFO - Query: SELECT id, dataset_id, url_api, progress, score FROM "Jobs" 
2022-12-14 17:11:26,523 - INFO - get data from database success
2022-12-14 17:11:26,523 - ERROR - url api fail in job_id: 25
2022-12-14 17:11:29,525 - WARNING - Starting processing
2022-12-14 17:11:29,532 - INFO - Query: SELECT id, dataset_id, url_api, progress, score FROM "Jobs" 
2022-12-14 17:11:29,533 - INFO - get data from database success
2022-12-14 17:11:29,533 - ERROR - url api fail in job_id: 25
2022-12-14 17:11:32,536 - WARNING - Starting processing
2022-12-14 17:11:32,542 - INFO - Query: SELECT id, dataset_id, url_api, progress, score FROM "Jobs" 
2022-12-14 17:11:32,543 - INFO - get data from database success
2022-12-14 17:11:32,543 - ERROR - url api fail in job_id: 25
2022-12-14 17:11:35,545 - WARNING - Starting processing
2022-12-14 17:11:35,551 - INFO - Query: SELECT id, dataset_id, url_api, progress, score FROM "Jobs" 
2022-12-14 17:11:35,552 - INFO - get data from database success
2022-12-14 17:11:35,552 - ERROR - url api fail in job_id: 25
2022-12-14 17:11:38,553 - WARNING - Starting processing
2022-12-14 17:11:38,560 - INFO - Query: SELECT id, dataset_id, url_api, progress, score FROM "Jobs" 
2022-12-14 17:11:38,560 - INFO - get data from database success
2022-12-14 17:11:38,561 - ERROR - url api fail in job_id: 25
2022-12-14 17:11:41,561 - WARNING - Starting processing
2022-12-14 17:11:41,566 - INFO - Query: SELECT id, dataset_id, url_api, progress, score FROM "Jobs" 
2022-12-14 17:11:41,567 - INFO - get data from database success
2022-12-14 17:11:41,568 - ERROR - url api fail in job_id: 25
2022-12-14 17:11:44,569 - WARNING - Starting processing
2022-12-14 17:11:44,578 - INFO - Query: SELECT id, dataset_id, url_api, progress, score FROM "Jobs" 
2022-12-14 17:11:44,579 - INFO - get data from database success
2022-12-14 17:11:44,579 - ERROR - url api fail in job_id: 25
2022-12-14 17:11:47,581 - WARNING - Starting processing
2022-12-14 17:11:47,589 - INFO - Query: SELECT id, dataset_id, url_api, progress, score FROM "Jobs" 
2022-12-14 17:11:47,590 - INFO - get data from database success
2022-12-14 17:11:47,591 - ERROR - url api fail in job_id: 25
2022-12-14 17:11:50,593 - WARNING - Starting processing
2022-12-14 17:11:50,612 - INFO - Query: SELECT id, dataset_id, url_api, progress, score FROM "Jobs" 
2022-12-14 17:11:50,615 - INFO - get data from database success
2022-12-14 17:11:50,616 - ERROR - url api fail in job_id: 25
2022-12-14 17:11:53,617 - WARNING - Starting processing
2022-12-14 17:11:53,636 - INFO - Query: SELECT id, dataset_id, url_api, progress, score FROM "Jobs" 
2022-12-14 17:11:53,639 - INFO - get data from database success
2022-12-14 17:11:53,639 - ERROR - url api fail in job_id: 25
2022-12-14 17:11:56,641 - WARNING - Starting processing
2022-12-14 17:11:56,653 - INFO - Query: SELECT id, dataset_id, url_api, progress, score FROM "Jobs" 
2022-12-14 17:11:56,655 - INFO - get data from database success
2022-12-14 17:11:56,655 - ERROR - url api fail in job_id: 25
2022-12-14 17:11:59,657 - WARNING - Starting processing
2022-12-14 17:11:59,664 - INFO - Query: SELECT id, dataset_id, url_api, progress, score FROM "Jobs" 
2022-12-14 17:11:59,667 - INFO - get data from database success
2022-12-14 17:11:59,667 - ERROR - url api fail in job_id: 25
2022-12-14 17:12:02,669 - WARNING - Starting processing
2022-12-14 17:12:02,679 - INFO - Query: SELECT id, dataset_id, url_api, progress, score FROM "Jobs" 
2022-12-14 17:12:02,682 - INFO - get data from database success
2022-12-14 17:12:02,686 - ERROR - url api fail in job_id: 25
2022-12-14 17:12:05,689 - WARNING - Starting processing
2022-12-14 17:12:05,698 - INFO - Query: SELECT id, dataset_id, url_api, progress, score FROM "Jobs" 
2022-12-14 17:12:05,700 - INFO - get data from database success
2022-12-14 17:12:05,700 - ERROR - url api fail in job_id: 25
2022-12-14 17:12:08,701 - WARNING - Starting processing
2022-12-14 17:12:08,706 - INFO - Query: SELECT id, dataset_id, url_api, progress, score FROM "Jobs" 
2022-12-14 17:12:08,707 - INFO - get data from database success
2022-12-14 17:12:08,707 - ERROR - url api fail in job_id: 25
2022-12-14 17:12:11,709 - WARNING - Starting processing
2022-12-14 17:12:11,717 - INFO - Query: SELECT id, dataset_id, url_api, progress, score FROM "Jobs" 
2022-12-14 17:12:11,718 - INFO - get data from database success
2022-12-14 17:12:11,718 - ERROR - url api fail in job_id: 25
2022-12-14 17:12:14,721 - WARNING - Starting processing
2022-12-14 17:12:14,727 - INFO - Query: SELECT id, dataset_id, url_api, progress, score FROM "Jobs" 
2022-12-14 17:12:14,728 - INFO - get data from database success
2022-12-14 17:12:14,728 - ERROR - url api fail in job_id: 25
2022-12-14 17:12:17,729 - WARNING - Starting processing
2022-12-14 17:12:17,734 - INFO - Query: SELECT id, dataset_id, url_api, progress, score FROM "Jobs" 
2022-12-14 17:12:17,735 - INFO - get data from database success
2022-12-14 17:12:17,735 - ERROR - url api fail in job_id: 25
2022-12-14 17:12:20,737 - WARNING - Starting processing
2022-12-14 17:12:20,746 - INFO - Query: SELECT id, dataset_id, url_api, progress, score FROM "Jobs" 
2022-12-14 17:12:20,747 - INFO - get data from database success
2022-12-14 17:12:20,747 - ERROR - url api fail in job_id: 25
2022-12-14 17:12:23,749 - WARNING - Starting processing
2022-12-14 17:12:23,756 - INFO - Query: SELECT id, dataset_id, url_api, progress, score FROM "Jobs" 
2022-12-14 17:12:23,757 - INFO - get data from database success
2022-12-14 17:12:23,758 - ERROR - url api fail in job_id: 25
2022-12-14 17:12:26,761 - WARNING - Starting processing
2022-12-14 17:12:26,768 - INFO - Query: SELECT id, dataset_id, url_api, progress, score FROM "Jobs" 
2022-12-14 17:12:26,769 - INFO - get data from database success
2022-12-14 17:12:26,769 - ERROR - url api fail in job_id: 25
2022-12-14 17:12:29,769 - WARNING - Starting processing
2022-12-14 17:12:29,776 - INFO - Query: SELECT id, dataset_id, url_api, progress, score FROM "Jobs" 
2022-12-14 17:12:29,777 - INFO - get data from database success
2022-12-14 17:12:29,778 - ERROR - url api fail in job_id: 25
2022-12-14 17:12:32,781 - WARNING - Starting processing
2022-12-14 17:12:32,786 - INFO - Query: SELECT id, dataset_id, url_api, progress, score FROM "Jobs" 
2022-12-14 17:12:32,788 - INFO - get data from database success
2022-12-14 17:12:32,788 - ERROR - url api fail in job_id: 25
2022-12-14 17:12:35,790 - WARNING - Starting processing
2022-12-14 17:12:35,798 - INFO - Query: SELECT id, dataset_id, url_api, progress, score FROM "Jobs" 
2022-12-14 17:12:35,799 - INFO - get data from database success
2022-12-14 17:12:35,799 - ERROR - url api fail in job_id: 25
2022-12-14 17:12:38,801 - WARNING - Starting processing
2022-12-14 17:12:38,810 - INFO - Query: SELECT id, dataset_id, url_api, progress, score FROM "Jobs" 
2022-12-14 17:12:38,811 - INFO - get data from database success
2022-12-14 17:12:38,811 - ERROR - url api fail in job_id: 25
2022-12-14 17:12:41,813 - WARNING - Starting processing
2022-12-14 17:12:41,822 - INFO - Query: SELECT id, dataset_id, url_api, progress, score FROM "Jobs" 
2022-12-14 17:12:41,823 - INFO - get data from database success
2022-12-14 17:12:41,823 - ERROR - url api fail in job_id: 25
2022-12-14 17:12:44,825 - WARNING - Starting processing
2022-12-14 17:12:44,832 - INFO - Query: SELECT id, dataset_id, url_api, progress, score FROM "Jobs" 
2022-12-14 17:12:44,832 - INFO - get data from database success
2022-12-14 17:12:44,833 - ERROR - url api fail in job_id: 25
2022-12-14 17:12:47,833 - WARNING - Starting processing
2022-12-14 17:12:47,842 - INFO - Query: SELECT id, dataset_id, url_api, progress, score FROM "Jobs" 
2022-12-14 17:12:47,843 - INFO - get data from database success
2022-12-14 17:12:47,843 - ERROR - url api fail in job_id: 25
2022-12-14 17:12:50,847 - WARNING - Starting processing
2022-12-14 17:12:50,857 - INFO - Query: SELECT id, dataset_id, url_api, progress, score FROM "Jobs" 
2022-12-14 17:12:50,859 - INFO - get data from database success
2022-12-14 17:12:50,859 - ERROR - url api fail in job_id: 25
2022-12-14 17:12:53,862 - WARNING - Starting processing
2022-12-14 17:12:53,875 - INFO - Query: SELECT id, dataset_id, url_api, progress, score FROM "Jobs" 
2022-12-14 17:12:53,877 - INFO - get data from database success
2022-12-14 17:12:53,878 - ERROR - url api fail in job_id: 25
2022-12-14 17:12:56,881 - WARNING - Starting processing
2022-12-14 17:12:56,887 - INFO - Query: SELECT id, dataset_id, url_api, progress, score FROM "Jobs" 
2022-12-14 17:12:56,888 - INFO - get data from database success
2022-12-14 17:12:56,888 - ERROR - url api fail in job_id: 25
2022-12-14 17:12:59,889 - WARNING - Starting processing
2022-12-14 17:12:59,896 - INFO - Query: SELECT id, dataset_id, url_api, progress, score FROM "Jobs" 
2022-12-14 17:12:59,898 - INFO - get data from database success
2022-12-14 17:12:59,898 - ERROR - url api fail in job_id: 25
2022-12-14 17:13:02,901 - WARNING - Starting processing
2022-12-14 17:13:02,906 - INFO - Query: SELECT id, dataset_id, url_api, progress, score FROM "Jobs" 
2022-12-14 17:13:02,907 - INFO - get data from database success
2022-12-14 17:13:02,907 - ERROR - url api fail in job_id: 25
2022-12-14 17:13:05,910 - WARNING - Starting processing
2022-12-14 17:13:05,917 - INFO - Query: SELECT id, dataset_id, url_api, progress, score FROM "Jobs" 
2022-12-14 17:13:05,917 - INFO - get data from database success
2022-12-14 17:13:05,918 - ERROR - url api fail in job_id: 25
2022-12-14 17:13:08,921 - WARNING - Starting processing
2022-12-14 17:13:08,930 - INFO - Query: SELECT id, dataset_id, url_api, progress, score FROM "Jobs" 
2022-12-14 17:13:08,931 - INFO - get data from database success
2022-12-14 17:13:08,931 - ERROR - url api fail in job_id: 25
2022-12-14 17:13:11,933 - WARNING - Starting processing
2022-12-14 17:13:11,942 - INFO - Query: SELECT id, dataset_id, url_api, progress, score FROM "Jobs" 
2022-12-14 17:13:11,944 - INFO - get data from database success
2022-12-14 17:13:11,945 - ERROR - url api fail in job_id: 25
2022-12-14 17:13:14,949 - WARNING - Starting processing
2022-12-14 17:13:14,957 - INFO - Query: SELECT id, dataset_id, url_api, progress, score FROM "Jobs" 
2022-12-14 17:13:14,959 - INFO - get data from database success
2022-12-14 17:13:14,959 - ERROR - url api fail in job_id: 25
2022-12-14 17:13:17,961 - WARNING - Starting processing
2022-12-14 17:13:17,967 - INFO - Query: SELECT id, dataset_id, url_api, progress, score FROM "Jobs" 
2022-12-14 17:13:17,967 - INFO - get data from database success
2022-12-14 17:13:17,967 - ERROR - url api fail in job_id: 25
2022-12-14 17:13:20,969 - WARNING - Starting processing
2022-12-14 17:13:20,977 - INFO - Query: SELECT id, dataset_id, url_api, progress, score FROM "Jobs" 
2022-12-14 17:13:20,978 - INFO - get data from database success
2022-12-14 17:13:20,978 - ERROR - url api fail in job_id: 25
2022-12-14 17:13:23,981 - WARNING - Starting processing
2022-12-14 17:13:23,987 - INFO - Query: SELECT id, dataset_id, url_api, progress, score FROM "Jobs" 
2022-12-14 17:13:23,989 - INFO - get data from database success
2022-12-14 17:13:23,989 - ERROR - url api fail in job_id: 25
2022-12-14 17:13:26,989 - WARNING - Starting processing
2022-12-14 17:13:26,995 - INFO - Query: SELECT id, dataset_id, url_api, progress, score FROM "Jobs" 
2022-12-14 17:13:26,995 - INFO - get data from database success
2022-12-14 17:13:26,996 - ERROR - url api fail in job_id: 25
2022-12-14 17:13:29,997 - WARNING - Starting processing
2022-12-14 17:13:30,007 - INFO - Query: SELECT id, dataset_id, url_api, progress, score FROM "Jobs" 
2022-12-14 17:13:30,009 - INFO - get data from database success
2022-12-14 17:13:30,010 - ERROR - url api fail in job_id: 25
2022-12-14 17:13:33,013 - WARNING - Starting processing
2022-12-14 17:13:33,021 - INFO - Query: SELECT id, dataset_id, url_api, progress, score FROM "Jobs" 
2022-12-14 17:13:33,022 - INFO - get data from database success
2022-12-14 17:13:33,022 - ERROR - url api fail in job_id: 25
2022-12-14 17:13:36,025 - WARNING - Starting processing
2022-12-14 17:13:36,030 - INFO - Query: SELECT id, dataset_id, url_api, progress, score FROM "Jobs" 
2022-12-14 17:13:36,031 - INFO - get data from database success
2022-12-14 17:13:36,031 - ERROR - url api fail in job_id: 25
2022-12-14 17:13:39,033 - WARNING - Starting processing
2022-12-14 17:13:39,039 - INFO - Query: SELECT id, dataset_id, url_api, progress, score FROM "Jobs" 
2022-12-14 17:13:39,039 - INFO - get data from database success
2022-12-14 17:13:39,040 - ERROR - url api fail in job_id: 25
2022-12-14 17:13:42,043 - WARNING - Starting processing
2022-12-14 17:13:42,048 - INFO - Query: SELECT id, dataset_id, url_api, progress, score FROM "Jobs" 
2022-12-14 17:13:42,049 - INFO - get data from database success
2022-12-14 17:13:42,049 - ERROR - url api fail in job_id: 25
2022-12-14 17:13:45,051 - WARNING - Starting processing
2022-12-14 17:13:45,056 - INFO - Query: SELECT id, dataset_id, url_api, progress, score FROM "Jobs" 
2022-12-14 17:13:45,056 - INFO - get data from database success
2022-12-14 17:13:45,057 - ERROR - url api fail in job_id: 25
2022-12-14 17:13:48,059 - WARNING - Starting processing
2022-12-14 17:13:48,067 - INFO - Query: SELECT id, dataset_id, url_api, progress, score FROM "Jobs" 
2022-12-14 17:13:48,068 - INFO - get data from database success
2022-12-14 17:13:48,068 - ERROR - url api fail in job_id: 25
2022-12-14 17:13:51,069 - WARNING - Starting processing
2022-12-14 17:13:51,074 - INFO - Query: SELECT id, dataset_id, url_api, progress, score FROM "Jobs" 
2022-12-14 17:13:51,075 - INFO - get data from database success
2022-12-14 17:13:51,075 - ERROR - url api fail in job_id: 25
2022-12-14 17:13:54,079 - WARNING - Starting processing
2022-12-14 17:13:54,084 - INFO - Query: SELECT id, dataset_id, url_api, progress, score FROM "Jobs" 
2022-12-14 17:13:54,085 - INFO - get data from database success
2022-12-14 17:13:54,085 - ERROR - url api fail in job_id: 25
2022-12-14 17:13:57,088 - WARNING - Starting processing
2022-12-14 17:13:57,106 - INFO - Query: SELECT id, dataset_id, url_api, progress, score FROM "Jobs" 
2022-12-14 17:13:57,109 - INFO - get data from database success
2022-12-14 17:13:57,110 - ERROR - url api fail in job_id: 25
2022-12-14 17:14:00,113 - WARNING - Starting processing
2022-12-14 17:14:00,130 - INFO - Query: SELECT id, dataset_id, url_api, progress, score FROM "Jobs" 
2022-12-14 17:14:00,132 - INFO - get data from database success
2022-12-14 17:14:00,133 - ERROR - url api fail in job_id: 25
2022-12-14 17:14:03,136 - WARNING - Starting processing
2022-12-14 17:14:03,144 - INFO - Query: SELECT id, dataset_id, url_api, progress, score FROM "Jobs" 
2022-12-14 17:14:03,145 - INFO - get data from database success
2022-12-14 17:14:03,146 - ERROR - url api fail in job_id: 25
2022-12-14 17:14:06,149 - WARNING - Starting processing
2022-12-14 17:14:06,159 - INFO - Query: SELECT id, dataset_id, url_api, progress, score FROM "Jobs" 
2022-12-14 17:14:06,161 - INFO - get data from database success
2022-12-14 17:14:06,164 - ERROR - url api fail in job_id: 25
2022-12-14 17:14:09,165 - WARNING - Starting processing
2022-12-14 17:14:09,177 - INFO - Query: SELECT id, dataset_id, url_api, progress, score FROM "Jobs" 
2022-12-14 17:14:09,180 - INFO - get data from database success
2022-12-14 17:14:09,181 - ERROR - url api fail in job_id: 25
2022-12-14 17:14:12,184 - WARNING - Starting processing
2022-12-14 17:14:12,195 - INFO - Query: SELECT id, dataset_id, url_api, progress, score FROM "Jobs" 
2022-12-14 17:14:12,196 - INFO - get data from database success
2022-12-14 17:14:12,196 - ERROR - url api fail in job_id: 25
2022-12-14 17:14:15,197 - WARNING - Starting processing
2022-12-14 17:14:15,202 - INFO - Query: SELECT id, dataset_id, url_api, progress, score FROM "Jobs" 
2022-12-14 17:14:15,203 - INFO - get data from database success
2022-12-14 17:14:15,203 - ERROR - url api fail in job_id: 25
2022-12-14 17:14:18,206 - WARNING - Starting processing
2022-12-14 17:14:18,211 - INFO - Query: SELECT id, dataset_id, url_api, progress, score FROM "Jobs" 
2022-12-14 17:14:18,212 - INFO - get data from database success
2022-12-14 17:14:18,212 - ERROR - url api fail in job_id: 25
2022-12-14 17:14:21,213 - WARNING - Starting processing
2022-12-14 17:14:21,220 - INFO - Query: SELECT id, dataset_id, url_api, progress, score FROM "Jobs" 
2022-12-14 17:14:21,222 - INFO - get data from database success
2022-12-14 17:14:21,222 - ERROR - url api fail in job_id: 25
2022-12-14 17:14:24,225 - WARNING - Starting processing
2022-12-14 17:14:24,230 - INFO - Query: SELECT id, dataset_id, url_api, progress, score FROM "Jobs" 
2022-12-14 17:14:24,231 - INFO - get data from database success
2022-12-14 17:14:24,232 - ERROR - url api fail in job_id: 25
2022-12-14 17:14:27,233 - WARNING - Starting processing
2022-12-14 17:14:27,240 - INFO - Query: SELECT id, dataset_id, url_api, progress, score FROM "Jobs" 
2022-12-14 17:14:27,241 - INFO - get data from database success
2022-12-14 17:14:27,242 - ERROR - url api fail in job_id: 25
2022-12-14 17:14:30,245 - WARNING - Starting processing
2022-12-14 17:14:30,253 - INFO - Query: SELECT id, dataset_id, url_api, progress, score FROM "Jobs" 
2022-12-14 17:14:30,254 - INFO - get data from database success
2022-12-14 17:14:30,254 - ERROR - url api fail in job_id: 25
2022-12-14 17:14:33,257 - WARNING - Starting processing
2022-12-14 17:14:33,276 - INFO - Query: SELECT id, dataset_id, url_api, progress, score FROM "Jobs" 
2022-12-14 17:14:33,279 - INFO - get data from database success
2022-12-14 17:14:33,280 - ERROR - url api fail in job_id: 25
2022-12-14 17:14:36,281 - WARNING - Starting processing
2022-12-14 17:14:36,288 - INFO - Query: SELECT id, dataset_id, url_api, progress, score FROM "Jobs" 
2022-12-14 17:14:36,289 - INFO - get data from database success
2022-12-14 17:14:36,289 - ERROR - url api fail in job_id: 25
2022-12-14 17:14:39,289 - WARNING - Starting processing
2022-12-14 17:14:39,296 - INFO - Query: SELECT id, dataset_id, url_api, progress, score FROM "Jobs" 
2022-12-14 17:14:39,298 - INFO - get data from database success
2022-12-14 17:14:39,298 - ERROR - url api fail in job_id: 25
2022-12-14 17:14:42,299 - WARNING - Starting processing
2022-12-14 17:14:42,308 - INFO - Query: SELECT id, dataset_id, url_api, progress, score FROM "Jobs" 
2022-12-14 17:14:42,311 - INFO - get data from database success
2022-12-14 17:14:42,315 - ERROR - url api fail in job_id: 25
